The latest version of Julia in the `release` channel is 1.11.5+0.x64.linux.gnu. You currently have `1.11.3+0.x64.linux.gnu` installed. Run:

  juliaup update

in your terminal shell to install Julia 1.11.5+0.x64.linux.gnu and update the `release` channel to that version.
  Activating project at `~/35Msun_GWTC3/m1m2_cut`
[ Info: Could not read IGWN-GWTC2p1-v2-GW190425_081805_PEDataRelease_mixed_nocosmo.h5
┌ Warning: Could not read Nposts from /mnt/home/sroy1/35Msun_GWTC3/m1m2_cut/scripts/../data/nposts_0.1.csv: ArgumentError("Cannot open '/mnt/home/sroy1/35Msun_GWTC3/m1m2_cut/scripts/../data/nposts_0.1.csv': not a file")
└ @ Main ~/35Msun_GWTC3/m1m2_cut/scripts/run_mcmc.jl:107
┌ Warning: Using default of 16 samples per event
└ @ Main ~/35Msun_GWTC3/m1m2_cut/scripts/run_mcmc.jl:108
[ Info: Analyzing 55 events
┌ Warning: Reducing Nselection from 32768 to 27140
└ @ Main ~/35Msun_GWTC3/m1m2_cut/scripts/run_mcmc.jl:133
Sampling (4 processes)   0%|                            |  ETA: N/A
Sampling (4 processes)  25%|███████                     |  ETA: 4:52:59
Sampling (4 processes)  50%|██████████████              |  ETA: 1:38:11
Sampling (4 processes)  75%|█████████████████████       |  ETA: 0:38:03
Sampling (4 processes) 100%|████████████████████████████| Time: 1:55:04
Sampling (4 processes) 100%|████████████████████████████| Time: 1:55:05
[ Info: 4*N = 220
[ Info: Minimum Neff_sel = 2239.23
[ Info: Minimum Neff_samps = 1.0 for event GW191109_010717
[ Info: Updating Nposts for event GW150914 from 16 to 32
[ Info: Updating Nposts for event GW151226 from 16 to 32
[ Info: Updating Nposts for event GW170104 from 16 to 32
[ Info: Updating Nposts for event GW170729 from 16 to 32
[ Info: Updating Nposts for event GW170818 from 16 to 32
[ Info: Updating Nposts for event GW170823 from 16 to 32
[ Info: Updating Nposts for event GW190408_181802 from 16 to 32
[ Info: Updating Nposts for event GW190413_052954 from 16 to 32
[ Info: Updating Nposts for event GW190413_134308 from 16 to 32
[ Info: Updating Nposts for event GW190421_213856 from 16 to 32
[ Info: Updating Nposts for event GW190503_185404 from 16 to 32
[ Info: Updating Nposts for event GW190512_180714 from 16 to 32
[ Info: Updating Nposts for event GW190517_055101 from 16 to 32
[ Info: Updating Nposts for event GW190519_153544 from 16 to 32
[ Info: Updating Nposts for event GW190521 from 16 to 32
[ Info: Updating Nposts for event GW190521_074359 from 16 to 32
[ Info: Updating Nposts for event GW190602_175927 from 16 to 32
[ Info: Updating Nposts for event GW190620_030421 from 16 to 32
[ Info: Updating Nposts for event GW190630_185205 from 16 to 32
[ Info: Updating Nposts for event GW190701_203306 from 16 to 32
[ Info: Updating Nposts for event GW190708_232457 from 16 to 32
[ Info: Updating Nposts for event GW190719_215514 from 16 to 32
[ Info: Updating Nposts for event GW190727_060333 from 16 to 32
[ Info: Updating Nposts for event GW190731_140936 from 16 to 32
[ Info: Updating Nposts for event GW190803_022701 from 16 to 32
[ Info: Updating Nposts for event GW190805_211137 from 16 to 32
[ Info: Updating Nposts for event GW190828_063405 from 16 to 32
[ Info: Updating Nposts for event GW190828_065509 from 16 to 32
[ Info: Updating Nposts for event GW190910_112807 from 16 to 32
[ Info: Updating Nposts for event GW190929_012149 from 16 to 32
[ Info: Updating Nposts for event GW191109_010717 from 16 to 32
[ Info: Updating Nposts for event GW191127_050227 from 16 to 32
[ Info: Updating Nposts for event GW191215_223052 from 16 to 32
[ Info: Updating Nposts for event GW191222_033537 from 16 to 32
[ Info: Updating Nposts for event GW191230_180458 from 16 to 32
[ Info: Updating Nposts for event GW200128_022011 from 16 to 32
[ Info: Updating Nposts for event GW200208_130117 from 16 to 32
[ Info: Updating Nposts for event GW200216_220804 from 16 to 32
[ Info: Updating Nposts for event GW200219_094415 from 16 to 32
[ Info: Updating Nposts for event GW200224_222234 from 16 to 32
[ Info: Updating Nposts for event GW200225_060421 from 16 to 32
[ Info: Updating Nposts for event GW200311_115853 from 16 to 32
[ Info: Updated Nposts.  Writing to /mnt/home/sroy1/35Msun_GWTC3/m1m2_cut/scripts/../data/nposts_0.1.csv = [32, 16, 32, 32, 32, 16, 16, 32, 32, 32, 16, 32, 32, 32, 32, 32, 16, 32, 32, 32, 32, 16, 32, 32, 32, 32, 16, 32, 32, 32, 32, 32, 32, 32, 32, 32, 16, 16, 32, 32, 32, 32, 32, 32, 16, 32, 16, 32, 16, 32, 32, 32, 32, 16, 32]
[ Info: Looping again with updated Nposts!
[ Info: Analyzing 55 events
Sampling (4 processes)   0%|                            |  ETA: N/A
Sampling (4 processes)  25%|███████                     |  ETA: 4:04:30
Sampling (4 processes)  50%|██████████████              |  ETA: 1:29:04
Sampling (4 processes)  75%|█████████████████████       |  ETA: 0:30:18
Sampling (4 processes) 100%|████████████████████████████| Time: 1:51:07
Sampling (4 processes) 100%|████████████████████████████| Time: 1:51:07
[ Info: 4*N = 220
[ Info: Minimum Neff_sel = 1050.79
[ Info: Minimum Neff_samps = 1.01 for event GW191109_010717
[ Info: Updating Nposts for event GW170729 from 32 to 64
[ Info: Updating Nposts for event GW190413_134308 from 32 to 64
[ Info: Updating Nposts for event GW190421_213856 from 32 to 64
[ Info: Updating Nposts for event GW190503_185404 from 32 to 64
[ Info: Updating Nposts for event GW190512_180714 from 32 to 64
[ Info: Updating Nposts for event GW190517_055101 from 32 to 64
[ Info: Updating Nposts for event GW190521 from 32 to 64
[ Info: Updating Nposts for event GW190521_074359 from 32 to 64
[ Info: Updating Nposts for event GW190701_203306 from 32 to 64
[ Info: Updating Nposts for event GW190706_222641 from 16 to 32
[ Info: Updating Nposts for event GW190727_060333 from 32 to 64
[ Info: Updating Nposts for event GW190731_140936 from 32 to 64
[ Info: Updating Nposts for event GW190828_063405 from 32 to 64
[ Info: Updating Nposts for event GW190910_112807 from 32 to 64
[ Info: Updating Nposts for event GW191109_010717 from 32 to 64
[ Info: Updating Nposts for event GW191127_050227 from 32 to 64
[ Info: Updating Nposts for event GW191222_033537 from 32 to 64
[ Info: Updating Nposts for event GW191230_180458 from 32 to 64
[ Info: Updating Nposts for event GW200128_022011 from 32 to 64
[ Info: Updating Nposts for event GW200129_065458 from 16 to 32
[ Info: Updating Nposts for event GW200216_220804 from 32 to 64
[ Info: Updating Nposts for event GW200224_222234 from 32 to 64
[ Info: Updating Nposts for event GW200225_060421 from 32 to 64
[ Info: Updated Nposts.  Writing to /mnt/home/sroy1/35Msun_GWTC3/m1m2_cut/scripts/../data/nposts_0.1.csv = [32, 16, 32, 32, 64, 16, 16, 32, 32, 32, 16, 32, 64, 64, 64, 64, 16, 64, 32, 64, 64, 16, 32, 32, 32, 64, 32, 32, 32, 64, 64, 32, 32, 64, 32, 64, 16, 16, 32, 64, 64, 32, 64, 64, 16, 64, 32, 32, 16, 64, 32, 64, 64, 16, 32]
[ Info: Looping again with updated Nposts!
[ Info: Analyzing 55 events
Sampling (4 processes)   0%|                            |  ETA: N/A
Sampling (4 processes)  25%|███████                     |  ETA: 4:20:22
Sampling (4 processes)  50%|██████████████              |  ETA: 1:27:53
Sampling (4 processes)  75%|█████████████████████       |  ETA: 0:30:09
Sampling (4 processes) 100%|████████████████████████████| Time: 1:43:05
Sampling (4 processes) 100%|████████████████████████████| Time: 1:43:05
[ Info: 4*N = 220
[ Info: Minimum Neff_sel = 684.14
[ Info: Minimum Neff_samps = 1.09 for event GW170729
[ Info: Updating Nposts for event GW150914 from 32 to 64
[ Info: Updating Nposts for event GW170729 from 64 to 128
[ Info: Updating Nposts for event GW170814 from 16 to 32
[ Info: Updating Nposts for event GW170818 from 32 to 64
[ Info: Updating Nposts for event GW190413_134308 from 64 to 128
[ Info: Updating Nposts for event GW190421_213856 from 64 to 128
[ Info: Updating Nposts for event GW190512_180714 from 64 to 128
[ Info: Updating Nposts for event GW190517_055101 from 64 to 128
[ Info: Updating Nposts for event GW190521 from 64 to 128
[ Info: Updating Nposts for event GW190521_074359 from 64 to 128
[ Info: Updating Nposts for event GW190805_211137 from 32 to 64
[ Info: Updating Nposts for event GW190828_063405 from 64 to 128
[ Info: Updating Nposts for event GW190910_112807 from 64 to 128
[ Info: Updating Nposts for event GW191109_010717 from 64 to 128
[ Info: Updating Nposts for event GW191222_033537 from 64 to 128
[ Info: Updating Nposts for event GW191230_180458 from 64 to 128
[ Info: Updating Nposts for event GW200112_155838 from 16 to 32
[ Info: Updating Nposts for event GW200129_065458 from 32 to 64
[ Info: Updating Nposts for event GW200208_130117 from 32 to 64
[ Info: Updating Nposts for event GW200209_085452 from 16 to 32
[ Info: Updating Nposts for event GW200216_220804 from 64 to 128
[ Info: Updated Nposts.  Writing to /mnt/home/sroy1/35Msun_GWTC3/m1m2_cut/scripts/../data/nposts_0.1.csv = [64, 16, 32, 32, 128, 16, 32, 64, 32, 32, 16, 32, 128, 128, 64, 128, 16, 128, 32, 128, 128, 16, 32, 32, 32, 64, 32, 32, 32, 64, 64, 32, 64, 128, 32, 128, 16, 16, 32, 128, 64, 32, 128, 128, 32, 64, 64, 64, 32, 128, 32, 64, 64, 16, 32]
[ Info: Looping again with updated Nposts!
[ Info: Analyzing 55 events
Sampling (4 processes)   0%|                            |  ETA: N/A
Sampling (4 processes)  25%|███████                     |  ETA: 4:07:47
Sampling (4 processes)  50%|██████████████              |  ETA: 1:23:50
Sampling (4 processes)  75%|█████████████████████       |  ETA: 0:28:05
Sampling (4 processes) 100%|████████████████████████████| Time: 1:55:54
Sampling (4 processes) 100%|████████████████████████████| Time: 1:55:54
[ Info: 4*N = 220
[ Info: Minimum Neff_sel = 2185.67
[ Info: Minimum Neff_samps = 1.22 for event GW170729
[ Info: Updating Nposts for event GW170729 from 128 to 256
[ Info: Updating Nposts for event GW190408_181802 from 32 to 16
[ Info: Updating Nposts for event GW190517_055101 from 128 to 256
[ Info: Updating Nposts for event GW190519_153544 from 32 to 64
[ Info: Updating Nposts for event GW190620_030421 from 32 to 64
[ Info: Updating Nposts for event GW190805_211137 from 64 to 128
[ Info: Updating Nposts for event GW191109_010717 from 128 to 256
[ Info: Updating Nposts for event GW200216_220804 from 128 to 256
[ Info: Updated Nposts.  Writing to /mnt/home/sroy1/35Msun_GWTC3/m1m2_cut/scripts/../data/nposts_0.1.csv = [64, 16, 32, 32, 256, 16, 32, 64, 32, 16, 16, 32, 128, 128, 64, 128, 16, 256, 64, 128, 128, 16, 32, 64, 32, 64, 32, 32, 32, 64, 64, 32, 128, 128, 32, 128, 16, 16, 32, 256, 64, 32, 128, 128, 32, 64, 64, 64, 32, 256, 32, 64, 64, 16, 32]
[ Info: Looping again with updated Nposts!
[ Info: Analyzing 55 events
Sampling (4 processes)   0%|                            |  ETA: N/A
Sampling (4 processes)  25%|███████                     |  ETA: 4:38:35
Sampling (4 processes)  50%|██████████████              |  ETA: 1:39:06
Sampling (4 processes)  75%|█████████████████████       |  ETA: 0:35:30
Sampling (4 processes) 100%|████████████████████████████| Time: 1:54:27
Sampling (4 processes) 100%|████████████████████████████| Time: 1:54:27
[ Info: 4*N = 220
[ Info: Minimum Neff_sel = 1943.91
[ Info: Minimum Neff_samps = 2.02 for event GW170729
[ Info: Updating Nposts for event GW170729 from 256 to 512
[ Info: Updating Nposts for event GW190412 from 16 to 32
[ Info: Updating Nposts for event GW190421_213856 from 128 to 256
[ Info: Updating Nposts for event GW190517_055101 from 256 to 512
[ Info: Updating Nposts for event GW190708_232457 from 32 to 64
[ Info: Updating Nposts for event GW190805_211137 from 128 to 256
[ Info: Updating Nposts for event GW191109_010717 from 256 to 512
[ Info: Updating Nposts for event GW191230_180458 from 128 to 256
[ Info: Updated Nposts.  Writing to /mnt/home/sroy1/35Msun_GWTC3/m1m2_cut/scripts/../data/nposts_0.1.csv = [64, 16, 32, 32, 512, 16, 32, 64, 32, 16, 32, 32, 128, 256, 64, 128, 16, 512, 64, 128, 128, 16, 32, 64, 32, 64, 32, 64, 32, 64, 64, 32, 256, 128, 32, 128, 16, 16, 32, 512, 64, 32, 128, 256, 32, 64, 64, 64, 32, 256, 32, 64, 64, 16, 32]
[ Info: Looping again with updated Nposts!
[ Info: Analyzing 55 events
Sampling (4 processes)   0%|                            |  ETA: N/A
Sampling (4 processes)  25%|███████                     |  ETA: 4:31:34
Sampling (4 processes)  50%|██████████████              |  ETA: 1:34:10
Sampling (4 processes)  75%|█████████████████████       |  ETA: 0:34:47
Sampling (4 processes) 100%|████████████████████████████| Time: 1:52:11
Sampling (4 processes) 100%|████████████████████████████| Time: 1:52:11
[ Info: 4*N = 220
[ Info: Minimum Neff_sel = 1326.14
[ Info: Minimum Neff_samps = 2.25 for event GW170729
[ Info: Updating Nposts for event GW170104 from 32 to 64
[ Info: Updating Nposts for event GW170729 from 512 to 1024
[ Info: Updating Nposts for event GW190503_185404 from 64 to 128
[ Info: Updating Nposts for event GW190517_055101 from 512 to 1024
[ Info: Updating Nposts for event GW190805_211137 from 256 to 512
[ Info: Updating Nposts for event GW190910_112807 from 128 to 256
[ Info: Updating Nposts for event GW200112_155838 from 32 to 64
[ Info: Updated Nposts.  Writing to /mnt/home/sroy1/35Msun_GWTC3/m1m2_cut/scripts/../data/nposts_0.1.csv = [64, 16, 32, 64, 1024, 16, 32, 64, 32, 16, 32, 32, 128, 256, 128, 128, 16, 1024, 64, 128, 128, 16, 32, 64, 32, 64, 32, 64, 32, 64, 64, 32, 512, 128, 32, 256, 16, 16, 32, 512, 64, 32, 128, 256, 64, 64, 64, 64, 32, 256, 32, 64, 64, 16, 32]
[ Info: Looping again with updated Nposts!
[ Info: Analyzing 55 events
Sampling (4 processes)   0%|                            |  ETA: N/A
Sampling (4 processes)  25%|███████                     |  ETA: 4:41:53
Sampling (4 processes)  50%|██████████████              |  ETA: 1:39:07
Sampling (4 processes)  75%|█████████████████████       |  ETA: 0:33:25
Sampling (4 processes) 100%|████████████████████████████| Time: 1:43:40
Sampling (4 processes) 100%|████████████████████████████| Time: 1:43:40
[ Info: 4*N = 220
[ Info: Minimum Neff_sel = 679.64
[ Info: Minimum Neff_samps = 3.38 for event GW190602_175927
[ Info: Updating Nposts for event GW170809 from 16 to 32
[ Info: Updating Nposts for event GW190412 from 32 to 16
[ Info: Updating Nposts for event GW190602_175927 from 32 to 64
[ Info: Updating Nposts for event GW190929_012149 from 32 to 64
[ Info: Updated Nposts.  Writing to /mnt/home/sroy1/35Msun_GWTC3/m1m2_cut/scripts/../data/nposts_0.1.csv = [64, 16, 32, 64, 1024, 32, 32, 64, 32, 16, 16, 32, 128, 256, 128, 128, 16, 1024, 64, 128, 128, 16, 64, 64, 32, 64, 32, 64, 32, 64, 64, 32, 512, 128, 32, 256, 16, 16, 64, 512, 64, 32, 128, 256, 64, 64, 64, 64, 32, 256, 32, 64, 64, 16, 32]
[ Info: Looping again with updated Nposts!
[ Info: Analyzing 55 events
Sampling (4 processes)   0%|                            |  ETA: N/A
Sampling (4 processes)  25%|███████                     |  ETA: 4:32:43
Sampling (4 processes)  50%|██████████████              |  ETA: 1:34:38
Sampling (4 processes)  75%|█████████████████████       |  ETA: 0:31:36
Sampling (4 processes) 100%|████████████████████████████| Time: 1:58:18
Sampling (4 processes) 100%|████████████████████████████| Time: 1:58:18
[ Info: 4*N = 220
[ Info: Minimum Neff_sel = 1413.56
[ Info: Minimum Neff_samps = 1.59 for event GW190929_012149
[ Info: Updating Nposts for event GW170823 from 32 to 64
[ Info: Updating Nposts for event GW190408_181802 from 16 to 32
[ Info: Updating Nposts for event GW190412 from 16 to 32
[ Info: Updating Nposts for event GW190828_065509 from 32 to 64
[ Info: Updating Nposts for event GW190929_012149 from 64 to 128
[ Info: Updated Nposts.  Writing to /mnt/home/sroy1/35Msun_GWTC3/m1m2_cut/scripts/../data/nposts_0.1.csv = [64, 16, 32, 64, 1024, 32, 32, 64, 64, 32, 32, 32, 128, 256, 128, 128, 16, 1024, 64, 128, 128, 16, 64, 64, 32, 64, 32, 64, 32, 64, 64, 32, 512, 128, 64, 256, 16, 16, 128, 512, 64, 32, 128, 256, 64, 64, 64, 64, 32, 256, 32, 64, 64, 16, 32]
[ Info: Looping again with updated Nposts!
[ Info: Analyzing 55 events
Sampling (4 processes)   0%|                            |  ETA: N/A
Sampling (4 processes)  25%|███████                     |  ETA: 4:41:11
Sampling (4 processes)  50%|██████████████              |  ETA: 1:40:48
Sampling (4 processes)  75%|█████████████████████       |  ETA: 0:35:03
Sampling (4 processes) 100%|████████████████████████████| Time: 1:46:53
Sampling (4 processes) 100%|████████████████████████████| Time: 1:46:53
[ Info: 4*N = 220
[ Info: Minimum Neff_sel = 1927.53
[ Info: Minimum Neff_samps = 3.33 for event GW190929_012149
[ Info: Updating Nposts for event GW190708_232457 from 64 to 32
[ Info: Updating Nposts for event GW190929_012149 from 128 to 256
[ Info: Updated Nposts.  Writing to /mnt/home/sroy1/35Msun_GWTC3/m1m2_cut/scripts/../data/nposts_0.1.csv = [64, 16, 32, 64, 1024, 32, 32, 64, 64, 32, 32, 32, 128, 256, 128, 128, 16, 1024, 64, 128, 128, 16, 64, 64, 32, 64, 32, 32, 32, 64, 64, 32, 512, 128, 64, 256, 16, 16, 256, 512, 64, 32, 128, 256, 64, 64, 64, 64, 32, 256, 32, 64, 64, 16, 32]
[ Info: Looping again with updated Nposts!
[ Info: Analyzing 55 events
Sampling (4 processes)   0%|                            |  ETA: N/A
Sampling (4 processes)  25%|███████                     |  ETA: 4:26:14
Sampling (4 processes)  50%|██████████████              |  ETA: 1:36:42
Sampling (4 processes)  75%|█████████████████████       |  ETA: 0:33:22
Sampling (4 processes) 100%|████████████████████████████| Time: 1:42:13
Sampling (4 processes) 100%|████████████████████████████| Time: 1:42:13
[ Info: 4*N = 220
[ Info: Minimum Neff_sel = 2032.85
[ Info: Minimum Neff_samps = 3.03 for event GW170729
[ Info: Updating Nposts for event GW170729 from 1024 to 2048
[ Info: Updating Nposts for event GW190412 from 32 to 16
[ Info: Updating Nposts for event GW190521_074359 from 128 to 256
[ Info: Updated Nposts.  Writing to /mnt/home/sroy1/35Msun_GWTC3/m1m2_cut/scripts/../data/nposts_0.1.csv = [64, 16, 32, 64, 2048, 32, 32, 64, 64, 32, 16, 32, 128, 256, 128, 128, 16, 1024, 64, 128, 256, 16, 64, 64, 32, 64, 32, 32, 32, 64, 64, 32, 512, 128, 64, 256, 16, 16, 256, 512, 64, 32, 128, 256, 64, 64, 64, 64, 32, 256, 32, 64, 64, 16, 32]
[ Info: Looping again with updated Nposts!
[ Info: Analyzing 55 events
Sampling (4 processes)   0%|                            |  ETA: N/A
Sampling (4 processes)  25%|███████                     |  ETA: 4:48:50
Sampling (4 processes)  50%|██████████████              |  ETA: 1:37:55
Sampling (4 processes)  75%|█████████████████████       |  ETA: 0:33:14
Sampling (4 processes) 100%|████████████████████████████| Time: 1:47:34
Sampling (4 processes) 100%|████████████████████████████| Time: 1:47:34
[ Info: 4*N = 220
[ Info: Minimum Neff_sel = 1396.01
[ Info: Minimum Neff_samps = 4.27 for event GW200216_220804
[ Info: Updating Nposts for event GW170104 from 64 to 32
[ Info: Updated Nposts.  Writing to /mnt/home/sroy1/35Msun_GWTC3/m1m2_cut/scripts/../data/nposts_0.1.csv = [64, 16, 32, 32, 2048, 32, 32, 64, 64, 32, 16, 32, 128, 256, 128, 128, 16, 1024, 64, 128, 256, 16, 64, 64, 32, 64, 32, 32, 32, 64, 64, 32, 512, 128, 64, 256, 16, 16, 256, 512, 64, 32, 128, 256, 64, 64, 64, 64, 32, 256, 32, 64, 64, 16, 32]
[ Info: Looping again with updated Nposts!
[ Info: Analyzing 55 events
Sampling (4 processes)   0%|                            |  ETA: N/A
Sampling (4 processes)  25%|███████                     |  ETA: 4:44:50
Sampling (4 processes)  50%|██████████████              |  ETA: 1:35:48
Sampling (4 processes)  75%|█████████████████████       |  ETA: 0:35:29
Sampling (4 processes) 100%|████████████████████████████| Time: 1:47:44
Sampling (4 processes) 100%|████████████████████████████| Time: 1:47:44
[ Info: 4*N = 220
[ Info: Minimum Neff_sel = 591.77
[ Info: Minimum Neff_samps = 3.39 for event GW190929_012149
[ Info: Updating Nposts for event GW190421_213856 from 256 to 128
[ Info: Updating Nposts for event GW190602_175927 from 64 to 32
[ Info: Updating Nposts for event GW190929_012149 from 256 to 512
[ Info: Updating Nposts for event GW200216_220804 from 256 to 512
[ Info: Updated Nposts.  Writing to /mnt/home/sroy1/35Msun_GWTC3/m1m2_cut/scripts/../data/nposts_0.1.csv = [64, 16, 32, 32, 2048, 32, 32, 64, 64, 32, 16, 32, 128, 128, 128, 128, 16, 1024, 64, 128, 256, 16, 32, 64, 32, 64, 32, 32, 32, 64, 64, 32, 512, 128, 64, 256, 16, 16, 512, 512, 64, 32, 128, 256, 64, 64, 64, 64, 32, 512, 32, 64, 64, 16, 32]
[ Info: Looping again with updated Nposts!
[ Info: Analyzing 55 events
Sampling (4 processes)   0%|                            |  ETA: N/A
Sampling (4 processes)  25%|███████                     |  ETA: 4:30:43
Sampling (4 processes)  50%|██████████████              |  ETA: 1:38:49
Sampling (4 processes)  75%|█████████████████████       |  ETA: 0:33:16
Sampling (4 processes) 100%|████████████████████████████| Time: 1:53:14
Sampling (4 processes) 100%|████████████████████████████| Time: 1:53:14
[ Info: 4*N = 220
[ Info: Minimum Neff_sel = 1277.78
[ Info: Minimum Neff_samps = 4.19 for event GW190421_213856
[ Info: No updates to Nposts
