      From worker 5:	Precompiling AdvancedHMC...
      From worker 3:	Precompiling AdvancedHMC...
      From worker 4:	Precompiling AdvancedHMC...
      From worker 2:	Precompiling AdvancedHMC...
      From worker 5:	    AdvancedHMC Being precompiled by another machine (hostname: worker5162, pid: 565995, pidfile: /mnt/home/sroy1/.julia/compiled/v1.11/AdvancedHMC/WaglY_ZiJYF.ji.pidfile)
      From worker 3:	    AdvancedHMC Being precompiled by another machine (hostname: worker5162, pid: 565995, pidfile: /mnt/home/sroy1/.julia/compiled/v1.11/AdvancedHMC/WaglY_ZiJYF.ji.pidfile)
      From worker 4:	    AdvancedHMC Being precompiled by another machine (hostname: worker5162, pid: 565995, pidfile: /mnt/home/sroy1/.julia/compiled/v1.11/AdvancedHMC/WaglY_ZiJYF.ji.pidfile)
      From worker 2:	    AdvancedHMC Being precompiled by another machine (hostname: worker5162, pid: 565995, pidfile: /mnt/home/sroy1/.julia/compiled/v1.11/AdvancedHMC/WaglY_ZiJYF.ji.pidfile)
      From worker 4:	  20784.6 ms  ✓ AdvancedHMC
      From worker 4:	  1 dependency successfully precompiled in 23 seconds. 85 already precompiled.
      From worker 5:	  21333.2 ms  ✓ AdvancedHMC
      From worker 5:	  1 dependency successfully precompiled in 23 seconds. 85 already precompiled.
      From worker 2:	  21827.7 ms  ✓ AdvancedHMC
      From worker 2:	  1 dependency successfully precompiled in 24 seconds. 85 already precompiled.
      From worker 3:	  22359.1 ms  ✓ AdvancedHMC
      From worker 3:	  1 dependency successfully precompiled in 24 seconds. 85 already precompiled.
      From worker 5:	┌ Info: Found initial step size
      From worker 5:	└   ϵ = 0.4
      From worker 4:	┌ Info: Found initial step size
      From worker 4:	└   ϵ = 0.4
      From worker 2:	┌ Info: Found initial step size
      From worker 2:	└   ϵ = 0.8
      From worker 3:	┌ Info: Found initial step size
      From worker 3:	└   ϵ = 0.8
      From worker 3:	┌ Info: Found initial step size
      From worker 3:	└   ϵ = 0.8
      From worker 4:	┌ Info: Found initial step size
      From worker 4:	└   ϵ = 0.8
      From worker 2:	┌ Info: Found initial step size
      From worker 2:	└   ϵ = 0.8
      From worker 5:	┌ Info: Found initial step size
      From worker 5:	└   ϵ = 0.8
      From worker 2:	┌ Info: Found initial step size
      From worker 2:	└   ϵ = 0.40625
      From worker 4:	┌ Info: Found initial step size
      From worker 4:	└   ϵ = 0.8
      From worker 3:	┌ Info: Found initial step size
      From worker 3:	└   ϵ = 0.8
      From worker 5:	┌ Info: Found initial step size
      From worker 5:	└   ϵ = 0.2
      From worker 3:	┌ Info: Found initial step size
      From worker 3:	└   ϵ = 0.4
      From worker 5:	┌ Info: Found initial step size
      From worker 5:	└   ϵ = 0.4
      From worker 2:	┌ Info: Found initial step size
      From worker 2:	└   ϵ = 0.4
      From worker 4:	┌ Info: Found initial step size
      From worker 4:	└   ϵ = 0.8
      From worker 2:	┌ Info: Found initial step size
      From worker 2:	└   ϵ = 0.4
      From worker 3:	┌ Info: Found initial step size
      From worker 3:	└   ϵ = 0.4
      From worker 4:	┌ Info: Found initial step size
      From worker 4:	└   ϵ = 0.8
      From worker 5:	┌ Info: Found initial step size
      From worker 5:	└   ϵ = 0.8
      From worker 3:	┌ Info: Found initial step size
      From worker 3:	└   ϵ = 0.4
      From worker 2:	┌ Info: Found initial step size
      From worker 2:	└   ϵ = 0.8
      From worker 4:	┌ Info: Found initial step size
      From worker 4:	└   ϵ = 0.4
      From worker 5:	┌ Info: Found initial step size
      From worker 5:	└   ϵ = 0.8
      From worker 2:	┌ Info: Found initial step size
      From worker 2:	└   ϵ = 0.8
      From worker 4:	┌ Info: Found initial step size
      From worker 4:	└   ϵ = 0.8
      From worker 5:	┌ Info: Found initial step size
      From worker 5:	└   ϵ = 0.8
      From worker 3:	┌ Info: Found initial step size
      From worker 3:	└   ϵ = 0.4
