The latest version of Julia in the `release` channel is 1.11.5+0.x64.linux.gnu. You currently have `1.11.3+0.x64.linux.gnu` installed. Run:

  juliaup update

in your terminal shell to install Julia 1.11.5+0.x64.linux.gnu and update the `release` channel to that version.
┌ Warning: Module LogDensityProblemsAD with build ID fafbfcfd-2c09-6420-0000-82e0cb7cb61b is missing from the cache.
│ This may mean LogDensityProblemsAD [996a588d-648d-4e1f-a8f0-a84b347e47b1] does not support precompilation but is imported by a module that does.
└ @ Base loading.jl:2541
┌ Warning: Module LogDensityProblemsAD with build ID fafbfcfd-2c09-6420-0000-82e0cb7cb61b is missing from the cache.
│ This may mean LogDensityProblemsAD [996a588d-648d-4e1f-a8f0-a84b347e47b1] does not support precompilation but is imported by a module that does.
└ @ Base loading.jl:2541
┌ Warning: Module LogDensityProblemsAD with build ID fafbfcfd-2c09-6420-0000-82e0cb7cb61b is missing from the cache.
│ This may mean LogDensityProblemsAD [996a588d-648d-4e1f-a8f0-a84b347e47b1] does not support precompilation but is imported by a module that does.
└ @ Base loading.jl:2541
┌ Warning: Module AdvancedHMC with build ID fafbfcfd-2e25-1d02-0000-82e26fb89a60 is missing from the cache.
│ This may mean AdvancedHMC [0bf59076-c3b1-5ca4-86bd-e02cd72cde3d] does not support precompilation but is imported by a module that does.
└ @ Base loading.jl:2541
┌ Warning: Module AbstractMCMC with build ID fafbfcfd-7764-765d-0000-82e15ca5b2be is missing from the cache.
│ This may mean AbstractMCMC [80f14c24-f653-4e6a-9b94-39d6b0f70001] does not support precompilation but is imported by a module that does.
└ @ Base loading.jl:2541
┌ Warning: Module AbstractMCMC with build ID fafbfcfd-7764-765d-0000-82e15ca5b2be is missing from the cache.
│ This may mean AbstractMCMC [80f14c24-f653-4e6a-9b94-39d6b0f70001] does not support precompilation but is imported by a module that does.
└ @ Base loading.jl:2541
  Activating project at `~/bumpcosmologygwtc3_Mc`
Precompiling AdvancedHMC...
    DocStringExtensions Being precompiled by another machine (hostname: worker5161, pid: 670998, pidfile: /mnt/home/sroy1/.julia/compiled/v1.11/DocStringExtensions/KRdZs_ZiJYF.ji.pidfile)
    ProgressMeter Being precompiled by another machine (hostname: worker5162, pid: 565995, pidfile: /mnt/home/sroy1/.julia/compiled/v1.11/ProgressMeter/3V8n6_ZiJYF.ji.pidfile)
    DataStructures Being precompiled by another machine (hostname: worker5162, pid: 565995, pidfile: /mnt/home/sroy1/.julia/compiled/v1.11/DataStructures/xKiwJ_ZiJYF.ji.pidfile)
   1556.6 ms  ✓ ArgCheck
   2590.6 ms  ✓ Transducers
  10129.4 ms  ✓ DataStructures
    699.9 ms  ✓ SortingAlgorithms
  20469.0 ms  ✓ DocStringExtensions
  20261.4 ms  ✓ ProgressMeter
    747.1 ms  ✓ LogExpFunctions
   1030.0 ms  ✓ LogDensityProblems
    757.4 ms  ✓ ConsoleProgressMonitor
    748.7 ms  ✓ LogExpFunctions → LogExpFunctionsInverseFunctionsExt
    668.8 ms  ✓ LogDensityProblemsAD
   2512.4 ms  ✓ StatsBase
   2556.6 ms  ✓ SpecialFunctions
   1226.3 ms  ✓ HypergeometricFunctions
   1761.1 ms  ✓ StatsFuns
    688.8 ms  ✓ StatsFuns → StatsFunsInverseFunctionsExt
   4620.8 ms  ✓ AbstractMCMC
   2519.3 ms  ✓ AdvancedHMC
  18 dependencies successfully precompiled in 34 seconds. 68 already precompiled.
Precompiling ArviZ...
   2197.0 ms  ✓ PosteriorStats
  12500.2 ms  ✓ InferenceObjects → InferenceObjectsPosteriorStatsExt
    ArviZ Being precompiled by another machine (hostname: worker5162, pid: 565995, pidfile: /mnt/home/sroy1/.julia/compiled/v1.11/ArviZ/WF7nZ_ZiJYF.ji.pidfile)
  10267.8 ms  ✓ ArviZ
  3 dependencies successfully precompiled in 28 seconds. 116 already precompiled.
Precompiling LogDensityProblemsADForwardDiffExt...
    LogDensityProblemsADForwardDiffExt Being precompiled by another machine (hostname: worker5162, pid: 565995, pidfile: /mnt/home/sroy1/.julia/compiled/v1.11/LogDensityProblemsADForwardDiffExt/nPwJr_ZiJYF.ji.pidfile)
Info Given LogDensityProblemsADForwardDiffExt was explicitly requested, output will be shown live [0K
[0K┌ Warning: Module LogDensityProblemsAD with build ID fafbfcfd-2c09-6420-0000-82e0cb7cb61b is missing from the cache.
[0K│ This may mean LogDensityProblemsAD [996a588d-648d-4e1f-a8f0-a84b347e47b1] does not support precompilation but is imported by a module that does.
[0K└ @ Base loading.jl:2541
  10798.6 ms  ✓ LogDensityProblemsAD → LogDensityProblemsADForwardDiffExt
  1 dependency successfully precompiled in 11 seconds. 23 already precompiled.
  1 dependency had output during precompilation:
┌ LogDensityProblemsAD → LogDensityProblemsADForwardDiffExt
│  [Output was shown above]
└  
Precompiling LogDensityProblemsADADTypesExt...
Info Given LogDensityProblemsADADTypesExt was explicitly requested, output will be shown live [0K
[0K┌ Warning: Module LogDensityProblemsAD with build ID fafbfcfd-2c09-6420-0000-82e0cb7cb61b is missing from the cache.
[0K│ This may mean LogDensityProblemsAD [996a588d-648d-4e1f-a8f0-a84b347e47b1] does not support precompilation but is imported by a module that does.
[0K└ @ Base loading.jl:2541
    766.9 ms  ? LogDensityProblemsAD → LogDensityProblemsADADTypesExt
Precompiling LogDensityProblemsADDifferentiationInterfaceExt...
    757.9 ms  ? LogDensityProblemsAD → LogDensityProblemsADADTypesExt
Info Given LogDensityProblemsADDifferentiationInterfaceExt was explicitly requested, output will be shown live [0K
[0K┌ Warning: Module LogDensityProblemsAD with build ID fafbfcfd-2c09-6420-0000-82e0cb7cb61b is missing from the cache.
[0K│ This may mean LogDensityProblemsAD [996a588d-648d-4e1f-a8f0-a84b347e47b1] does not support precompilation but is imported by a module that does.
[0K└ @ Base loading.jl:2541
    759.4 ms  ? LogDensityProblemsAD → LogDensityProblemsADDifferentiationInterfaceExt
Precompiling BumpCosmologyGWTC3...
    Moshi Being precompiled by another machine (hostname: worker5162, pid: 565995, pidfile: /mnt/home/sroy1/.julia/compiled/v1.11/Moshi/AXKwX_ZiJYF.ji.pidfile)
   2223.9 ms  ✓ LRUCache → SerializationExt
   2463.9 ms  ✓ OffsetArrays → OffsetArraysAdaptExt
   2457.8 ms  ✓ StackViews
   2311.3 ms  ? LogDensityProblemsAD → LogDensityProblemsADADTypesExt
   2398.4 ms  ✓ Accessors → StructArraysExt
   2084.2 ms  ✓ StructArrays → StructArraysSparseArraysExt
   2138.1 ms  ✓ StructArrays → StructArraysAdaptExt
   2077.2 ms  ✓ Graphics
   2063.4 ms  ✓ Animations
   2074.4 ms  ✓ SparseMatrixColorings → SparseMatrixColoringsColorsExt
   1905.7 ms  ✓ SciMLOperators → SciMLOperatorsStaticArraysCoreExt
   2353.0 ms  ✓ SparseConnectivityTracer → SparseConnectivityTracerNaNMathExt
   1736.0 ms  ✓ Graphite2_jll
   1723.5 ms  ✓ Libmount_jll
    GeometryBasics Being precompiled by another machine (hostname: worker5161, pid: 670998, pidfile: /mnt/home/sroy1/.julia/compiled/v1.11/GeometryBasics/lB452_ZiJYF.ji.pidfile)
    IntervalArithmetic Being precompiled by another machine (hostname: worker5161, pid: 670998, pidfile: /mnt/home/sroy1/.julia/compiled/v1.11/IntervalArithmetic/Gjmwo_ZiJYF.ji.pidfile)
    ChainRules Being precompiled by another machine (hostname: worker5161, pid: 670998, pidfile: /mnt/home/sroy1/.julia/compiled/v1.11/ChainRules/AzGmQ_ZiJYF.ji.pidfile)
    Libtiff_jll Being precompiled by another machine (hostname: worker5161, pid: 670998, pidfile: /mnt/home/sroy1/.julia/compiled/v1.11/Libtiff_jll/f0w9B_ZiJYF.ji.pidfile)
    TiffImages Being precompiled by another machine (hostname: worker5162, pid: 565995, pidfile: /mnt/home/sroy1/.julia/compiled/v1.11/TiffImages/FH9XA_ZiJYF.ji.pidfile)
    DataFrames Being precompiled by another machine (hostname: worker5162, pid: 565995, pidfile: /mnt/home/sroy1/.julia/compiled/v1.11/DataFrames/AR9oZ_ZiJYF.ji.pidfile)
   3111.7 ms  ✓ ColorVectorSpace
    837.1 ms  ? LogDensityProblemsAD → LogDensityProblemsADDifferentiationInterfaceExt
    940.5 ms  ✓ libzip_jll
    881.9 ms  ? LogDensityProblemsAD → LogDensityProblemsADForwardDiffExt
    QOI Being precompiled by another machine (hostname: worker5161, pid: 670998, pidfile: /mnt/home/sroy1/.julia/compiled/v1.11/QOI/tWxmQ_ZiJYF.ji.pidfile)
    OpenEXR Being precompiled by another machine (hostname: worker5161, pid: 670998, pidfile: /mnt/home/sroy1/.julia/compiled/v1.11/OpenEXR/3ZkKH_ZiJYF.ji.pidfile)
    914.5 ms  ✓ Adapt → AdaptStaticArraysExt
    Parsers Being precompiled by another machine (hostname: worker5161, pid: 670998, pidfile: /mnt/home/sroy1/.julia/compiled/v1.11/Parsers/833b9_ZiJYF.ji.pidfile)
    KernelAbstractions Being precompiled by another machine (hostname: worker5161, pid: 670998, pidfile: /mnt/home/sroy1/.julia/compiled/v1.11/KernelAbstractions/aywHT_ZiJYF.ji.pidfile)
   1234.7 ms  ✓ DimensionalData → DimensionalDataDiskArraysExt
    816.4 ms  ? EllipticalSliceSampling
    Glib_jll Being precompiled by another machine (hostname: worker5161, pid: 670998, pidfile: /mnt/home/sroy1/.julia/compiled/v1.11/Glib_jll/S5dsb_ZiJYF.ji.pidfile)
    FFTW Being precompiled by another machine (hostname: worker5161, pid: 670998, pidfile: /mnt/home/sroy1/.julia/compiled/v1.11/FFTW/PvIn2_ZiJYF.ji.pidfile)
    831.8 ms  ? AdvancedMH
    ColorSchemes Being precompiled by another machine (hostname: worker5162, pid: 592272, pidfile: /mnt/home/sroy1/.julia/compiled/v1.11/ColorSchemes/EO5fj_ZiJYF.ji.pidfile)
    AdvancedMHStructArraysExt Being precompiled by another machine (hostname: worker5161, pid: 670998, pidfile: /mnt/home/sroy1/.julia/compiled/v1.11/AdvancedMHStructArraysExt/pxaBS_ZiJYF.ji.pidfile)
    AdvancedMHForwardDiffExt Being precompiled by another machine (hostname: worker5161, pid: 670998, pidfile: /mnt/home/sroy1/.julia/compiled/v1.11/AdvancedMHForwardDiffExt/W2MQ8_ZiJYF.ji.pidfile)
   1142.5 ms  ? AdvancedHMC
    723.5 ms  ✓ FilePathsBase → FilePathsBaseMmapExt
   1326.4 ms  ✓ Distributions → DistributionsDensityInterfaceExt
   1336.8 ms  ✓ PopModels
   2115.5 ms  ✓ HDF5_jll
    HDF5 Being precompiled by another machine (hostname: worker5162, pid: 565995, pidfile: /mnt/home/sroy1/.julia/compiled/v1.11/HDF5/L7Dga_ZiJYF.ji.pidfile)
   1373.3 ms  ✓ SparseConnectivityTracer → SparseConnectivityTracerDataInterpolationsExt
    827.4 ms  ? SSMProblems
    675.7 ms  ✓ MosaicViews
    ImageCore Being precompiled by another machine (hostname: worker5162, pid: 565995, pidfile: /mnt/home/sroy1/.julia/compiled/v1.11/ImageCore/cqNLm_ZiJYF.ji.pidfile)
    857.2 ms  ✓ ColorVectorSpace → SpecialFunctionsExt
    806.3 ms  ✓ FreeType2_jll
   4131.5 ms  ✓ UnitfulAstro
   1311.5 ms  ✓ FilePathsBase → FilePathsBaseTestExt
   2482.4 ms  ✓ RecursiveArrayTools
   1341.0 ms  ✓ Xorg_libxcb_jll
    797.1 ms  ? AdvancedPS
    AdvancedPSLibtaskExt Being precompiled by another machine (hostname: worker5161, pid: 670998, pidfile: /mnt/home/sroy1/.julia/compiled/v1.11/AdvancedPSLibtaskExt/6qsTp_ZiJYF.ji.pidfile)
    976.0 ms  ✓ Fontconfig_jll
   1177.4 ms  ✓ Cosmology
    977.2 ms  ✓ Xorg_libX11_jll
   1253.8 ms  ✓ FreeType
   1042.5 ms  ✓ RecursiveArrayTools → RecursiveArrayToolsStructArraysExt
   1167.6 ms  ✓ RecursiveArrayTools → RecursiveArrayToolsSparseArraysExt
   1195.1 ms  ✓ RecursiveArrayTools → RecursiveArrayToolsForwardDiffExt
   2394.5 ms  ✓ Interpolations
   1737.0 ms  ✓ NetCDF_jll
   3731.4 ms  ✓ Bijectors
    864.0 ms  ✓ Xorg_libXrender_jll
    852.6 ms  ✓ Xorg_libXext_jll
    Libglvnd_jll Being precompiled by another machine (hostname: worker5162, pid: 565995, pidfile: /mnt/home/sroy1/.julia/compiled/v1.11/Libglvnd_jll/z0JB7_ZiJYF.ji.pidfile)
   4527.1 ms  ✓ Graphs
   1369.4 ms  ✓ Interpolations → InterpolationsUnitfulExt
   1426.3 ms  ✓ Bijectors → BijectorsForwardDiffExt
  10569.8 ms  ✓ Moshi
   3666.8 ms  ✓ NCDatasets
    SciMLBase Being precompiled by another machine (hostname: worker5162, pid: 565995, pidfile: /mnt/home/sroy1/.julia/compiled/v1.11/SciMLBase/jigfq_ZiJYF.ji.pidfile)
    InferenceObjectsNCDatasetsExt Being precompiled by another machine (hostname: worker5162, pid: 565995, pidfile: /mnt/home/sroy1/.julia/compiled/v1.11/InferenceObjectsNCDatasetsExt/zAJG1_ZiJYF.ji.pidfile)
  10639.4 ms  ✓ Libtiff_jll
  10645.3 ms  ✓ ChainRules
  10655.8 ms  ✓ IntervalArithmetic
  10669.4 ms  ✓ GeometryBasics
    Mooncake Being precompiled by another machine (hostname: worker5162, pid: 565995, pidfile: /mnt/home/sroy1/.julia/compiled/v1.11/Mooncake/6563Y_ZiJYF.ji.pidfile)
    DistributionsAD Being precompiled by another machine (hostname: worker5162, pid: 565995, pidfile: /mnt/home/sroy1/.julia/compiled/v1.11/DistributionsAD/mhHYG_ZiJYF.ji.pidfile)
    ArrayInterfaceChainRulesExt Being precompiled by another machine (hostname: worker5162, pid: 565995, pidfile: /mnt/home/sroy1/.julia/compiled/v1.11/ArrayInterfaceChainRulesExt/hPJ0X_ZiJYF.ji.pidfile)
    GridLayoutBase Being precompiled by another machine (hostname: worker5161, pid: 670998, pidfile: /mnt/home/sroy1/.julia/compiled/v1.11/GridLayoutBase/I3oSr_ZiJYF.ji.pidfile)
    Packing Being precompiled by another machine (hostname: worker5161, pid: 670998, pidfile: /mnt/home/sroy1/.julia/compiled/v1.11/Packing/LtWKr_ZiJYF.ji.pidfile)
    ShaderAbstractions Being precompiled by another machine (hostname: worker5161, pid: 670998, pidfile: /mnt/home/sroy1/.julia/compiled/v1.11/ShaderAbstractions/K09Eb_ZiJYF.ji.pidfile)
    MakieCore Being precompiled by another machine (hostname: worker5161, pid: 670998, pidfile: /mnt/home/sroy1/.julia/compiled/v1.11/MakieCore/ALu4Q_ZiJYF.ji.pidfile)
    FreeTypeAbstraction Being precompiled by another machine (hostname: worker5162, pid: 592734, pidfile: /mnt/home/sroy1/.julia/compiled/v1.11/FreeTypeAbstraction/Qde7d_ZiJYF.ji.pidfile)
  10358.4 ms  ✓ KernelAbstractions
  10370.6 ms  ✓ Parsers
  10478.3 ms  ✓ OpenEXR
  10486.5 ms  ✓ QOI
  10566.5 ms  ✓ ColorSchemes
  10591.0 ms  ✓ FFTW
  10602.5 ms  ✓ Glib_jll
    PlotUtils Being precompiled by another machine (hostname: worker5162, pid: 565995, pidfile: /mnt/home/sroy1/.julia/compiled/v1.11/PlotUtils/YveHG_ZiJYF.ji.pidfile)
    KernelDensity Being precompiled by another machine (hostname: worker5161, pid: 670998, pidfile: /mnt/home/sroy1/.julia/compiled/v1.11/KernelDensity/4QyGx_ZiJYF.ji.pidfile)
    Cairo_jll Being precompiled by another machine (hostname: worker5162, pid: 565995, pidfile: /mnt/home/sroy1/.julia/compiled/v1.11/Cairo_jll/ouRHo_ZiJYF.ji.pidfile)
   1045.0 ms  ✓ IntervalArithmetic → IntervalArithmeticForwardDiffExt
   1067.6 ms  ✓ IntervalArithmetic → IntervalArithmeticIntervalSetsExt
    777.6 ms  ✓ IntervalArithmetic → IntervalArithmeticDiffRulesExt
   1069.4 ms  ✓ IntervalArithmetic → IntervalArithmeticRecipesBaseExt
    701.2 ms  ✓ InlineStrings → ParsersExt
    953.9 ms  ✓ KernelAbstractions → LinearAlgebraExt
    NNlib Being precompiled by another machine (hostname: worker5162, pid: 593573, pidfile: /mnt/home/sroy1/.julia/compiled/v1.11/NNlib/A7zdE_ZiJYF.ji.pidfile)
    973.5 ms  ✓ StructArrays → StructArraysGPUArraysCoreExt
   1185.3 ms  ✓ KernelAbstractions → SparseArraysExt
  11788.5 ms  ✓ AdvancedMH → AdvancedMHForwardDiffExt
   1634.7 ms  ✓ JSON
  12888.3 ms  ✓ AdvancedMH → AdvancedMHStructArraysExt
  10045.2 ms  ✓ Libglvnd_jll
  11459.7 ms  ✓ AdvancedPS → AdvancedPSLibtaskExt
    881.4 ms  ✓ ColorBrewer
   1060.3 ms  ? AbstractPPL
    DynamicPPL Being precompiled by another machine (hostname: worker5161, pid: 670998, pidfile: /mnt/home/sroy1/.julia/compiled/v1.11/DynamicPPL/2PWyN_ZiJYF.ji.pidfile)
   4030.7 ms  ✓ ExactPredicates
   1081.2 ms  ✓ libwebp_jll
  10229.1 ms  ✓ SciMLBase
   1277.3 ms  ✓ SciMLBase → SciMLBaseChainRulesCoreExt
   2325.7 ms  ✓ OptimizationBase
   5263.6 ms  ✓ DelaunayTriangulation
    558.0 ms  ✓ OptimizationBase → OptimizationFiniteDiffExt
    810.1 ms  ✓ OptimizationBase → OptimizationForwardDiffExt
  21102.2 ms  ✓ DataFrames
    BangBangDataFramesExt Being precompiled by another machine (hostname: worker5161, pid: 670998, pidfile: /mnt/home/sroy1/.julia/compiled/v1.11/BangBangDataFramesExt/sNKPH_ZiJYF.ji.pidfile)
    TransducersDataFramesExt Being precompiled by another machine (hostname: worker5161, pid: 670998, pidfile: /mnt/home/sroy1/.julia/compiled/v1.11/TransducersDataFramesExt/u4UET_ZiJYF.ji.pidfile)
  10651.3 ms  ✓ FreeTypeAbstraction
  10659.3 ms  ✓ MakieCore
  10667.5 ms  ✓ ShaderAbstractions
  10676.5 ms  ✓ Packing
  10687.8 ms  ✓ GridLayoutBase
  11016.9 ms  ✓ ArrayInterface → ArrayInterfaceChainRulesExt
  11022.1 ms  ✓ DistributionsAD
    DistributionsADForwardDiffExt Being precompiled by another machine (hostname: worker5162, pid: 565995, pidfile: /mnt/home/sroy1/.julia/compiled/v1.11/DistributionsADForwardDiffExt/WpfSf_ZiJYF.ji.pidfile)
  20432.3 ms  ✓ HDF5
  10382.1 ms  ✓ Cairo_jll
  10391.4 ms  ✓ KernelDensity
  10398.9 ms  ✓ PlotUtils
   2377.1 ms  ✓ Optimization
  10178.3 ms  ✓ NNlib
    887.7 ms  ? MCMCChains
    ArviZMCMCChainsExt Being precompiled by another machine (hostname: worker5162, pid: 565995, pidfile: /mnt/home/sroy1/.julia/compiled/v1.11/ArviZMCMCChainsExt/kFl7s_ZiJYF.ji.pidfile)
    AdvancedMHMCMCChainsExt Being precompiled by another machine (hostname: worker5162, pid: 565995, pidfile: /mnt/home/sroy1/.julia/compiled/v1.11/AdvancedMHMCMCChainsExt/TfQIQ_ZiJYF.ji.pidfile)
    MCMCChainsStorage Being precompiled by another machine (hostname: worker5162, pid: 565995, pidfile: /mnt/home/sroy1/.julia/compiled/v1.11/MCMCChainsStorage/4Ai1L_ZiJYF.ji.pidfile)
   1078.5 ms  ✓ HarfBuzz_jll
   1723.0 ms  ✓ Bijectors → BijectorsDistributionsADExt
    790.1 ms  ? AdvancedHMC → AdvancedHMCMCMCChainsExt
   1083.6 ms  ✓ NNlib → NNlibSpecialFunctionsExt
   1223.5 ms  ✓ NNlib → NNlibForwardDiffExt
    Tracker Being precompiled by another machine (hostname: worker5162, pid: 565995, pidfile: /mnt/home/sroy1/.julia/compiled/v1.11/Tracker/cI3wW_ZiJYF.ji.pidfile)
   1310.7 ms  ✓ NNlib → NNlibFFTWExt
    940.8 ms  ✓ libass_jll
    967.3 ms  ✓ Pango_jll
   1836.9 ms  ✓ SparseConnectivityTracer → SparseConnectivityTracerNNlibExt
   1203.3 ms  ✓ FFMPEG_jll
   1516.3 ms  ✓ Cairo
  24899.0 ms  ✓ ImageCore
    ImageBase Being precompiled by another machine (hostname: worker5162, pid: 565995, pidfile: /mnt/home/sroy1/.julia/compiled/v1.11/ImageBase/kFbbd_ZiJYF.ji.pidfile)
    PNGFiles Being precompiled by another machine (hostname: worker5162, pid: 565995, pidfile: /mnt/home/sroy1/.julia/compiled/v1.11/PNGFiles/yIZEc_ZiJYF.ji.pidfile)
    JpegTurbo Being precompiled by another machine (hostname: worker5162, pid: 565995, pidfile: /mnt/home/sroy1/.julia/compiled/v1.11/JpegTurbo/Ea2JL_ZiJYF.ji.pidfile)
    Sixel Being precompiled by another machine (hostname: worker5162, pid: 565995, pidfile: /mnt/home/sroy1/.julia/compiled/v1.11/Sixel/KtGle_ZiJYF.ji.pidfile)
    WebP Being precompiled by another machine (hostname: worker5162, pid: 565995, pidfile: /mnt/home/sroy1/.julia/compiled/v1.11/WebP/5ic7E_ZiJYF.ji.pidfile)
  20316.2 ms  ✓ InferenceObjects → InferenceObjectsNCDatasetsExt
   6049.3 ms  ✓ MathTeXEngine
  10327.0 ms  ✓ Transducers → TransducersDataFramesExt
  10337.3 ms  ✓ BangBang → BangBangDataFramesExt
  21355.4 ms  ✓ Mooncake
    MooncakeSpecialFunctionsExt Being precompiled by another machine (hostname: worker5161, pid: 670998, pidfile: /mnt/home/sroy1/.julia/compiled/v1.11/MooncakeSpecialFunctionsExt/m5VyW_ZiJYF.ji.pidfile)
    MooncakeNNlibExt Being precompiled by another machine (hostname: worker5161, pid: 670998, pidfile: /mnt/home/sroy1/.julia/compiled/v1.11/MooncakeNNlibExt/m1sJy_ZiJYF.ji.pidfile)
    DifferentiationInterfaceMooncakeExt Being precompiled by another machine (hostname: worker5161, pid: 670998, pidfile: /mnt/home/sroy1/.julia/compiled/v1.11/DifferentiationInterfaceMooncakeExt/CJ78V_ZiJYF.ji.pidfile)
    BijectorsMooncakeExt Being precompiled by another machine (hostname: worker5161, pid: 670998, pidfile: /mnt/home/sroy1/.julia/compiled/v1.11/BijectorsMooncakeExt/Ui9Bb_ZiJYF.ji.pidfile)
  10111.8 ms  ✓ DistributionsAD → DistributionsADForwardDiffExt
  11475.2 ms  ✓ AdvancedMH → AdvancedMHMCMCChainsExt
  12201.3 ms  ✓ MCMCChainsStorage
  20832.1 ms  ✓ DynamicPPL
    DynamicPPLChainRulesCoreExt Being precompiled by another machine (hostname: worker5162, pid: 565995, pidfile: /mnt/home/sroy1/.julia/compiled/v1.11/DynamicPPLChainRulesCoreExt/2RZxC_ZiJYF.ji.pidfile)
    DynamicPPLForwardDiffExt Being precompiled by another machine (hostname: worker5162, pid: 565995, pidfile: /mnt/home/sroy1/.julia/compiled/v1.11/DynamicPPLForwardDiffExt/Hz7kG_ZiJYF.ji.pidfile)
    DynamicPPLMooncakeExt Being precompiled by another machine (hostname: worker5162, pid: 565995, pidfile: /mnt/home/sroy1/.julia/compiled/v1.11/DynamicPPLMooncakeExt/oUQIT_ZiJYF.ji.pidfile)
    DynamicPPLMCMCChainsExt Being precompiled by another machine (hostname: worker5162, pid: 565995, pidfile: /mnt/home/sroy1/.julia/compiled/v1.11/DynamicPPLMCMCChainsExt/WslEL_ZiJYF.ji.pidfile)
  13652.1 ms  ✓ OptimizationOptimJL
  13284.8 ms  ✓ ArviZ → ArviZMCMCChainsExt
  10498.6 ms  ✓ WebP
  10509.9 ms  ✓ Sixel
  10533.7 ms  ✓ PNGFiles
  10544.0 ms  ✓ ImageBase
   2035.9 ms  ✓ ImageAxes
  40818.0 ms  ✓ TiffImages
   1495.9 ms  ✓ ImageMetadata
  10594.3 ms  ✓ Bijectors → BijectorsMooncakeExt
  10606.0 ms  ✓ DifferentiationInterface → DifferentiationInterfaceMooncakeExt
  10617.3 ms  ✓ Mooncake → MooncakeNNlibExt
  10626.6 ms  ✓ Mooncake → MooncakeSpecialFunctionsExt
   2074.1 ms  ✓ Netpbm
  20135.1 ms  ✓ Tracker
    806.9 ms  ? LogDensityProblemsAD → LogDensityProblemsADTrackerExt
   1320.2 ms  ✓ ArrayInterface → ArrayInterfaceTrackerExt
   1335.6 ms  ✓ DifferentiationInterface → DifferentiationInterfaceTrackerExt
   1607.9 ms  ✓ Tracker → TrackerPDMatsExt
   1781.2 ms  ✓ RecursiveArrayTools → RecursiveArrayToolsTrackerExt
  11584.6 ms  ✓ DynamicPPL → DynamicPPLForwardDiffExt
   2876.0 ms  ✓ Bijectors → BijectorsTrackerExt
   3014.4 ms  ✓ DistributionsAD → DistributionsADTrackerExt
    AdvancedVI Being precompiled by another machine (hostname: worker5162, pid: 565995, pidfile: /mnt/home/sroy1/.julia/compiled/v1.11/AdvancedVI/W5I48_ZiJYF.ji.pidfile)
  20617.9 ms  ✓ JpegTurbo
    Makie Being precompiled by another machine (hostname: worker5162, pid: 565995, pidfile: /mnt/home/sroy1/.julia/compiled/v1.11/Makie/iZ1Bl_ZiJYF.ji.pidfile)
  12670.2 ms  ✓ DynamicPPL → DynamicPPLMooncakeExt
  13732.9 ms  ✓ DynamicPPL → DynamicPPLMCMCChainsExt
  14870.8 ms  ✓ DynamicPPL → DynamicPPLChainRulesCoreExt
  10265.1 ms  ✓ AdvancedVI
    Turing Being precompiled by another machine (hostname: worker5162, pid: 565995, pidfile: /mnt/home/sroy1/.julia/compiled/v1.11/Turing/gm4QC_ZiJYF.ji.pidfile)
  12395.0 ms  ✓ Turing
   2645.7 ms  ? Turing → TuringOptimExt
 121544.7 ms  ✓ Makie
    PairPlots Being precompiled by another machine (hostname: worker5162, pid: 565995, pidfile: /mnt/home/sroy1/.julia/compiled/v1.11/PairPlots/CkXHN_ZiJYF.ji.pidfile)
    CairoMakie Being precompiled by another machine (hostname: worker5162, pid: 565995, pidfile: /mnt/home/sroy1/.julia/compiled/v1.11/CairoMakie/9mSey_ZiJYF.ji.pidfile)
   8554.5 ms  ✓ SciMLBase → SciMLBaseMakieExt
   8962.0 ms  ✓ DimensionalData → DimensionalDataMakie
  21344.3 ms  ✓ PairPlots
  21334.9 ms  ✓ CairoMakie
   8337.8 ms  ✓ PairPlots → PairPlotsDynamicUnitfulExt
   9155.2 ms  ? PairPlots → MCMCChainsExt
Info Given BumpCosmologyGWTC3 was explicitly requested, output will be shown live [0K
[0K┌ Warning: Module AdvancedHMC with build ID fafbfcfd-2e25-1d02-0000-82e26fb89a60 is missing from the cache.
[0K│ This may mean AdvancedHMC [0bf59076-c3b1-5ca4-86bd-e02cd72cde3d] does not support precompilation but is imported by a module that does.
[0K└ @ Base loading.jl:2541
    779.6 ms  ? BumpCosmologyGWTC3
  147 dependencies successfully precompiled in 215 seconds. 366 already precompiled.
  4 dependencies precompiled but different versions are currently loaded. Restart julia to access the new versions. Otherwise, loading dependents of these packages may trigger further precompilation to work with the unexpected versions.
  15 dependencies failed but may be precompilable after restarting julia
  27 dependencies had output during precompilation:
┌ AdvancedMH → AdvancedMHForwardDiffExt
│  ┌ Warning: Module AbstractMCMC with build ID fafbfcfd-7764-765d-0000-82e15ca5b2be is missing from the cache.
│  │ This may mean AbstractMCMC [80f14c24-f653-4e6a-9b94-39d6b0f70001] does not support precompilation but is imported by a module that does.
│  └ @ Base loading.jl:2541
└  
┌ AdvancedMH → AdvancedMHMCMCChainsExt
│  ┌ Warning: Module AbstractMCMC with build ID fafbfcfd-7764-765d-0000-82e15ca5b2be is missing from the cache.
│  │ This may mean AbstractMCMC [80f14c24-f653-4e6a-9b94-39d6b0f70001] does not support precompilation but is imported by a module that does.
│  └ @ Base loading.jl:2541
└  
┌ LogDensityProblemsAD → LogDensityProblemsADForwardDiffExt
│  ┌ Warning: Module LogDensityProblemsAD with build ID fafbfcfd-2c09-6420-0000-82e0cb7cb61b is missing from the cache.
│  │ This may mean LogDensityProblemsAD [996a588d-648d-4e1f-a8f0-a84b347e47b1] does not support precompilation but is imported by a module that does.
│  └ @ Base loading.jl:2541
└  
┌ AdvancedMH
│  ┌ Warning: Module AbstractMCMC with build ID fafbfcfd-7764-765d-0000-82e15ca5b2be is missing from the cache.
│  │ This may mean AbstractMCMC [80f14c24-f653-4e6a-9b94-39d6b0f70001] does not support precompilation but is imported by a module that does.
│  └ @ Base loading.jl:2541
└  
┌ AdvancedHMC → AdvancedHMCMCMCChainsExt
│  ┌ Warning: Module AdvancedHMC with build ID fafbfcfd-2e25-1d02-0000-82e26fb89a60 is missing from the cache.
│  │ This may mean AdvancedHMC [0bf59076-c3b1-5ca4-86bd-e02cd72cde3d] does not support precompilation but is imported by a module that does.
│  └ @ Base loading.jl:2541
└  
┌ LogDensityProblemsAD → LogDensityProblemsADTrackerExt
│  ┌ Warning: Module LogDensityProblemsAD with build ID fafbfcfd-2c09-6420-0000-82e0cb7cb61b is missing from the cache.
│  │ This may mean LogDensityProblemsAD [996a588d-648d-4e1f-a8f0-a84b347e47b1] does not support precompilation but is imported by a module that does.
│  └ @ Base loading.jl:2541
└  
┌ AdvancedPS
│  ┌ Warning: Module AbstractMCMC with build ID fafbfcfd-7764-765d-0000-82e15ca5b2be is missing from the cache.
│  │ This may mean AbstractMCMC [80f14c24-f653-4e6a-9b94-39d6b0f70001] does not support precompilation but is imported by a module that does.
│  └ @ Base loading.jl:2541
└  
┌ DynamicPPL → DynamicPPLMooncakeExt
│  ┌ Warning: Module AbstractMCMC with build ID fafbfcfd-7764-765d-0000-82e15ca5b2be is missing from the cache.
│  │ This may mean AbstractMCMC [80f14c24-f653-4e6a-9b94-39d6b0f70001] does not support precompilation but is imported by a module that does.
│  └ @ Base loading.jl:2541
└  
┌ DynamicPPL → DynamicPPLMCMCChainsExt
│  ┌ Warning: Module AbstractMCMC with build ID fafbfcfd-7764-765d-0000-82e15ca5b2be is missing from the cache.
│  │ This may mean AbstractMCMC [80f14c24-f653-4e6a-9b94-39d6b0f70001] does not support precompilation but is imported by a module that does.
│  └ @ Base loading.jl:2541
└  
┌ DynamicPPL
│  ┌ Warning: Module AbstractMCMC with build ID fafbfcfd-7764-765d-0000-82e15ca5b2be is missing from the cache.
│  │ This may mean AbstractMCMC [80f14c24-f653-4e6a-9b94-39d6b0f70001] does not support precompilation but is imported by a module that does.
│  └ @ Base loading.jl:2541
└  
┌ MCMCChains
│  ┌ Warning: Module AbstractMCMC with build ID fafbfcfd-7764-765d-0000-82e15ca5b2be is missing from the cache.
│  │ This may mean AbstractMCMC [80f14c24-f653-4e6a-9b94-39d6b0f70001] does not support precompilation but is imported by a module that does.
│  └ @ Base loading.jl:2541
└  
┌ LogDensityProblemsAD → LogDensityProblemsADADTypesExt
│  ┌ Warning: Module LogDensityProblemsAD with build ID fafbfcfd-2c09-6420-0000-82e0cb7cb61b is missing from the cache.
│  │ This may mean LogDensityProblemsAD [996a588d-648d-4e1f-a8f0-a84b347e47b1] does not support precompilation but is imported by a module that does.
│  └ @ Base loading.jl:2541
└  
┌ BumpCosmologyGWTC3
│  [Output was shown above]
└  
┌ AdvancedPS → AdvancedPSLibtaskExt
│  ┌ Warning: Module AbstractMCMC with build ID fafbfcfd-7764-765d-0000-82e15ca5b2be is missing from the cache.
│  │ This may mean AbstractMCMC [80f14c24-f653-4e6a-9b94-39d6b0f70001] does not support precompilation but is imported by a module that does.
│  └ @ Base loading.jl:2541
└  
┌ Turing → TuringOptimExt
│  ┌ Warning: Module AbstractMCMC with build ID fafbfcfd-7764-765d-0000-82e15ca5b2be is missing from the cache.
│  │ This may mean AbstractMCMC [80f14c24-f653-4e6a-9b94-39d6b0f70001] does not support precompilation but is imported by a module that does.
│  └ @ Base loading.jl:2541
└  
┌ Turing
│  ┌ Warning: Module AbstractMCMC with build ID fafbfcfd-7764-765d-0000-82e15ca5b2be is missing from the cache.
│  │ This may mean AbstractMCMC [80f14c24-f653-4e6a-9b94-39d6b0f70001] does not support precompilation but is imported by a module that does.
│  └ @ Base loading.jl:2541
└  
┌ SSMProblems
│  ┌ Warning: Module AbstractMCMC with build ID fafbfcfd-7764-765d-0000-82e15ca5b2be is missing from the cache.
│  │ This may mean AbstractMCMC [80f14c24-f653-4e6a-9b94-39d6b0f70001] does not support precompilation but is imported by a module that does.
│  └ @ Base loading.jl:2541
└  
┌ ArviZ → ArviZMCMCChainsExt
│  ┌ Warning: Module AbstractMCMC with build ID fafbfcfd-7764-765d-0000-82e15ca5b2be is missing from the cache.
│  │ This may mean AbstractMCMC [80f14c24-f653-4e6a-9b94-39d6b0f70001] does not support precompilation but is imported by a module that does.
│  └ @ Base loading.jl:2541
└  
┌ MCMCChainsStorage
│  ┌ Warning: Module AbstractMCMC with build ID fafbfcfd-7764-765d-0000-82e15ca5b2be is missing from the cache.
│  │ This may mean AbstractMCMC [80f14c24-f653-4e6a-9b94-39d6b0f70001] does not support precompilation but is imported by a module that does.
│  └ @ Base loading.jl:2541
└  
┌ AdvancedMH → AdvancedMHStructArraysExt
│  ┌ Warning: Module AbstractMCMC with build ID fafbfcfd-7764-765d-0000-82e15ca5b2be is missing from the cache.
│  │ This may mean AbstractMCMC [80f14c24-f653-4e6a-9b94-39d6b0f70001] does not support precompilation but is imported by a module that does.
│  └ @ Base loading.jl:2541
└  
┌ DynamicPPL → DynamicPPLForwardDiffExt
│  ┌ Warning: Module AbstractMCMC with build ID fafbfcfd-7764-765d-0000-82e15ca5b2be is missing from the cache.
│  │ This may mean AbstractMCMC [80f14c24-f653-4e6a-9b94-39d6b0f70001] does not support precompilation but is imported by a module that does.
│  └ @ Base loading.jl:2541
└  
┌ PairPlots → MCMCChainsExt
│  ┌ Warning: Module AbstractMCMC with build ID fafbfcfd-7764-765d-0000-82e15ca5b2be is missing from the cache.
│  │ This may mean AbstractMCMC [80f14c24-f653-4e6a-9b94-39d6b0f70001] does not support precompilation but is imported by a module that does.
│  └ @ Base loading.jl:2541
└  
┌ LogDensityProblemsAD → LogDensityProblemsADDifferentiationInterfaceExt
│  ┌ Warning: Module LogDensityProblemsAD with build ID fafbfcfd-2c09-6420-0000-82e0cb7cb61b is missing from the cache.
│  │ This may mean LogDensityProblemsAD [996a588d-648d-4e1f-a8f0-a84b347e47b1] does not support precompilation but is imported by a module that does.
│  └ @ Base loading.jl:2541
└  
┌ AdvancedHMC
│  ┌ Warning: Module LogDensityProblemsAD with build ID fafbfcfd-2c09-6420-0000-82e0cb7cb61b is missing from the cache.
│  │ This may mean LogDensityProblemsAD [996a588d-648d-4e1f-a8f0-a84b347e47b1] does not support precompilation but is imported by a module that does.
│  └ @ Base loading.jl:2541
└  
┌ AbstractPPL
│  ┌ Warning: Module AbstractMCMC with build ID fafbfcfd-7764-765d-0000-82e15ca5b2be is missing from the cache.
│  │ This may mean AbstractMCMC [80f14c24-f653-4e6a-9b94-39d6b0f70001] does not support precompilation but is imported by a module that does.
│  └ @ Base loading.jl:2541
└  
┌ EllipticalSliceSampling
│  ┌ Warning: Module AbstractMCMC with build ID fafbfcfd-7764-765d-0000-82e15ca5b2be is missing from the cache.
│  │ This may mean AbstractMCMC [80f14c24-f653-4e6a-9b94-39d6b0f70001] does not support precompilation but is imported by a module that does.
│  └ @ Base loading.jl:2541
└  
┌ DynamicPPL → DynamicPPLChainRulesCoreExt
│  ┌ Warning: Module AbstractMCMC with build ID fafbfcfd-7764-765d-0000-82e15ca5b2be is missing from the cache.
│  │ This may mean AbstractMCMC [80f14c24-f653-4e6a-9b94-39d6b0f70001] does not support precompilation but is imported by a module that does.
│  └ @ Base loading.jl:2541
└  
Precompiling MCMCChainsStorage...
    848.6 ms  ? MCMCChains
Info Given MCMCChainsStorage was explicitly requested, output will be shown live [0K
[0K┌ Warning: Module AbstractMCMC with build ID fafbfcfd-7764-765d-0000-82e15ca5b2be is missing from the cache.
[0K│ This may mean AbstractMCMC [80f14c24-f653-4e6a-9b94-39d6b0f70001] does not support precompilation but is imported by a module that does.
[0K└ @ Base loading.jl:2541
   2077.5 ms  ? MCMCChainsStorage
Precompiling MCMCChains...
Info Given MCMCChains was explicitly requested, output will be shown live [0K
[0K┌ Warning: Module AbstractMCMC with build ID fafbfcfd-7764-765d-0000-82e15ca5b2be is missing from the cache.
[0K│ This may mean AbstractMCMC [80f14c24-f653-4e6a-9b94-39d6b0f70001] does not support precompilation but is imported by a module that does.
[0K└ @ Base loading.jl:2541
    847.6 ms  ? MCMCChains
Precompiling AdvancedHMCMCMCChainsExt...
    850.5 ms  ? MCMCChains
   1001.4 ms  ? AdvancedHMC
Info Given AdvancedHMCMCMCChainsExt was explicitly requested, output will be shown live [0K
[0K┌ Warning: Module AdvancedHMC with build ID fafbfcfd-2e25-1d02-0000-82e26fb89a60 is missing from the cache.
[0K│ This may mean AdvancedHMC [0bf59076-c3b1-5ca4-86bd-e02cd72cde3d] does not support precompilation but is imported by a module that does.
[0K┌ Warning: Module AdvancedHMC with build ID fafbfcfd-2e25-1d02-0000-82e26fb89a60 is missing from the cache.
│ This may mean AdvancedHMC [0bf59076-c3b1-5ca4-86bd-e02cd72cde3d] does not support precompilation but is imported by a module that does.
└ @ Base loading.jl:2541
┌ Warning: Module MCMCChains with build ID ffffffff-ffff-ffff-0000-832b2958cf15 is missing from the cache.
│ This may mean MCMCChains [c7f686f2-ff18-58e9-bc7b-31028e88f75d] does not support precompilation but is imported by a module that does.
└ @ Base loading.jl:2541
┌ Warning: Module MCMCChains with build ID ffffffff-ffff-ffff-0000-832b2958cf15 is missing from the cache.
│ This may mean MCMCChains [c7f686f2-ff18-58e9-bc7b-31028e88f75d] does not support precompilation but is imported by a module that does.
└ @ Base loading.jl:2541
┌ Warning: Module MCMCChains with build ID ffffffff-ffff-ffff-0000-832b2958cf15 is missing from the cache.
│ This may mean MCMCChains [c7f686f2-ff18-58e9-bc7b-31028e88f75d] does not support precompilation but is imported by a module that does.
└ @ Base loading.jl:2541
┌ Warning: Module LogDensityProblemsAD with build ID fafbfcfd-2c09-6420-0000-82e0cb7cb61b is missing from the cache.
│ This may mean LogDensityProblemsAD [996a588d-648d-4e1f-a8f0-a84b347e47b1] does not support precompilation but is imported by a module that does.
└ @ Base loading.jl:2541
┌ Warning: Module AbstractMCMC with build ID fafbfcfd-7764-765d-0000-82e15ca5b2be is missing from the cache.
│ This may mean AbstractMCMC [80f14c24-f653-4e6a-9b94-39d6b0f70001] does not support precompilation but is imported by a module that does.
└ @ Base loading.jl:2541
┌ Warning: Module AbstractMCMC with build ID fafbfcfd-7764-765d-0000-82e15ca5b2be is missing from the cache.
│ This may mean AbstractMCMC [80f14c24-f653-4e6a-9b94-39d6b0f70001] does not support precompilation but is imported by a module that does.
└ @ Base loading.jl:2541
┌ Warning: Module DynamicPPL with build ID ffffffff-ffff-ffff-0000-833f15fbedd6 is missing from the cache.
│ This may mean DynamicPPL [366bfd00-2699-11ea-058f-f148b4cae6d8] does not support precompilation but is imported by a module that does.
└ @ Base loading.jl:2541
┌ Warning: Module DynamicPPL with build ID ffffffff-ffff-ffff-0000-833f15fbedd6 is missing from the cache.
│ This may mean DynamicPPL [366bfd00-2699-11ea-058f-f148b4cae6d8] does not support precompilation but is imported by a module that does.
└ @ Base loading.jl:2541
┌ Warning: Module DynamicPPL with build ID ffffffff-ffff-ffff-0000-833f15fbedd6 is missing from the cache.
│ This may mean DynamicPPL [366bfd00-2699-11ea-058f-f148b4cae6d8] does not support precompilation but is imported by a module that does.
└ @ Base loading.jl:2541
┌ Warning: Module AbstractMCMC with build ID fafbfcfd-7764-765d-0000-82e15ca5b2be is missing from the cache.
│ This may mean AbstractMCMC [80f14c24-f653-4e6a-9b94-39d6b0f70001] does not support precompilation but is imported by a module that does.
└ @ Base loading.jl:2541
┌ Warning: Module AbstractMCMC with build ID fafbfcfd-7764-765d-0000-82e15ca5b2be is missing from the cache.
│ This may mean AbstractMCMC [80f14c24-f653-4e6a-9b94-39d6b0f70001] does not support precompilation but is imported by a module that does.
└ @ Base loading.jl:2541
┌ Warning: Module AdvancedPS with build ID ffffffff-ffff-ffff-0000-83460b6ad049 is missing from the cache.
│ This may mean AdvancedPS [576499cb-2369-40b2-a588-c64705576edc] does not support precompilation but is imported by a module that does.
└ @ Base loading.jl:2541
┌ Warning: Module AbstractMCMC with build ID fafbfcfd-7764-765d-0000-82e15ca5b2be is missing from the cache.
│ This may mean AbstractMCMC [80f14c24-f653-4e6a-9b94-39d6b0f70001] does not support precompilation but is imported by a module that does.
└ @ Base loading.jl:2541
┌ Warning: Module AdvancedMH with build ID ffffffff-ffff-ffff-0000-83483d2aaa72 is missing from the cache.
│ This may mean AdvancedMH [5b7e9947-ddc0-4b3f-9b55-0d8042f74170] does not support precompilation but is imported by a module that does.
└ @ Base loading.jl:2541
┌ Warning: Module AdvancedMH with build ID ffffffff-ffff-ffff-0000-83483d2aaa72 is missing from the cache.
│ This may mean AdvancedMH [5b7e9947-ddc0-4b3f-9b55-0d8042f74170] does not support precompilation but is imported by a module that does.
└ @ Base loading.jl:2541
┌ Warning: Module AdvancedMH with build ID ffffffff-ffff-ffff-0000-83483d2aaa72 is missing from the cache.
│ This may mean AdvancedMH [5b7e9947-ddc0-4b3f-9b55-0d8042f74170] does not support precompilation but is imported by a module that does.
└ @ Base loading.jl:2541
┌ Warning: Module AbstractMCMC with build ID fafbfcfd-7764-765d-0000-82e15ca5b2be is missing from the cache.
│ This may mean AbstractMCMC [80f14c24-f653-4e6a-9b94-39d6b0f70001] does not support precompilation but is imported by a module that does.
└ @ Base loading.jl:2541
┌ Warning: Module Turing with build ID ffffffff-ffff-ffff-0000-833d187c2ac0 is missing from the cache.
│ This may mean Turing [fce5fe82-541a-59a6-adf8-730c64b5f9a0] does not support precompilation but is imported by a module that does.
└ @ Base loading.jl:2541
┌ Warning: Module DynamicPPL with build ID ffffffff-ffff-ffff-0000-833f15fbedd6 is missing from the cache.
│ This may mean DynamicPPL [366bfd00-2699-11ea-058f-f148b4cae6d8] does not support precompilation but is imported by a module that does.
└ @ Base loading.jl:2541
└ @ Base loading.jl:2541
    792.4 ms  ? AdvancedHMC → AdvancedHMCMCMCChainsExt
Precompiling ArviZMCMCChainsExt...
    852.9 ms  ? MCMCChains
Info Given ArviZMCMCChainsExt was explicitly requested, output will be shown live [0K
[0K┌ Warning: Module MCMCChains with build ID ffffffff-ffff-ffff-0000-832b2958cf15 is missing from the cache.
[0K│ This may mean MCMCChains [c7f686f2-ff18-58e9-bc7b-31028e88f75d] does not support precompilation but is imported by a module that does.
[0K└ @ Base loading.jl:2541
   2057.4 ms  ? ArviZ → ArviZMCMCChainsExt
Precompiling MCMCChainsExt...
    845.5 ms  ? MCMCChains
Info Given MCMCChainsExt was explicitly requested, output will be shown live [0K
[0K┌ Warning: Module MCMCChains with build ID ffffffff-ffff-ffff-0000-832b2958cf15 is missing from the cache.
[0K│ This may mean MCMCChains [c7f686f2-ff18-58e9-bc7b-31028e88f75d] does not support precompilation but is imported by a module that does.
[0K└ @ Base loading.jl:2541
   7538.2 ms  ? PairPlots → MCMCChainsExt
Precompiling Turing...
    917.6 ms  ? LogDensityProblemsAD → LogDensityProblemsADADTypesExt
    833.0 ms  ? SSMProblems
    816.0 ms  ? LogDensityProblemsAD → LogDensityProblemsADForwardDiffExt
    838.7 ms  ? EllipticalSliceSampling
    832.1 ms  ? AdvancedMH
    828.2 ms  ? LogDensityProblemsAD → LogDensityProblemsADTrackerExt
   1075.9 ms  ? AbstractPPL
    897.0 ms  ? MCMCChains
    796.1 ms  ? LogDensityProblemsAD → LogDensityProblemsADDifferentiationInterfaceExt
   1077.7 ms  ? AdvancedHMC
    AdvancedHMCMCMCChainsExt Being precompiled by another machine (hostname: worker5162, pid: 566073, pidfile: /mnt/home/sroy1/.julia/compiled/v1.11/AdvancedHMCMCMCChainsExt/ou090_ZiJYF.ji.pidfile)
    913.8 ms  ? AdvancedPS
    832.7 ms  ? DynamicPPL
   1486.2 ms  ? AdvancedMH → AdvancedMHStructArraysExt
   1318.6 ms  ✓ AdvancedHMC → AdvancedHMCMCMCChainsExt
   1448.0 ms  ? AdvancedPS → AdvancedPSLibtaskExt
   1510.5 ms  ? DynamicPPL → DynamicPPLMCMCChainsExt
   2511.8 ms  ? AdvancedMH → AdvancedMHMCMCChainsExt
   2694.7 ms  ? DynamicPPL → DynamicPPLForwardDiffExt
   3615.0 ms  ? AdvancedMH → AdvancedMHForwardDiffExt
   3781.7 ms  ? DynamicPPL → DynamicPPLChainRulesCoreExt
    Turing Being precompiled by another machine (hostname: worker5162, pid: 566073, pidfile: /mnt/home/sroy1/.julia/compiled/v1.11/Turing/gm4QC_ZiJYF.ji.pidfile)
Info Given Turing was explicitly requested, output will be shown live [0K
[0K┌ Warning: Module MCMCChains with build ID ffffffff-ffff-ffff-0000-832b2958cf15 is missing from the cache.
[0K│ This may mean MCMCChains [c7f686f2-ff18-58e9-bc7b-31028e88f75d] does not support precompilation but is imported by a module that does.
[0K└ @ Base loading.jl:2541
  32245.8 ms  ✓ Turing
   3124.6 ms  ? Turing → TuringOptimExt
  2 dependencies successfully precompiled in 43 seconds. 291 already precompiled.
  6 dependencies precompiled but different versions are currently loaded. Restart julia to access the new versions. Otherwise, loading dependents of these packages may trigger further precompilation to work with the unexpected versions.
  20 dependencies failed but may be precompilable after restarting julia
  22 dependencies had output during precompilation:
┌ AdvancedMH → AdvancedMHForwardDiffExt
│  ┌ Warning: Module AbstractMCMC with build ID fafbfcfd-7764-765d-0000-82e15ca5b2be is missing from the cache.
│  │ This may mean AbstractMCMC [80f14c24-f653-4e6a-9b94-39d6b0f70001] does not support precompilation but is imported by a module that does.
│  └ @ Base loading.jl:2541
└  
┌ AdvancedMH → AdvancedMHMCMCChainsExt
│  ┌ Warning: Module AbstractMCMC with build ID fafbfcfd-7764-765d-0000-82e15ca5b2be is missing from the cache.
│  │ This may mean AbstractMCMC [80f14c24-f653-4e6a-9b94-39d6b0f70001] does not support precompilation but is imported by a module that does.
│  └ @ Base loading.jl:2541
└  
┌ LogDensityProblemsAD → LogDensityProblemsADForwardDiffExt
│  ┌ Warning: Module LogDensityProblemsAD with build ID fafbfcfd-2c09-6420-0000-82e0cb7cb61b is missing from the cache.
│  │ This may mean LogDensityProblemsAD [996a588d-648d-4e1f-a8f0-a84b347e47b1] does not support precompilation but is imported by a module that does.
│  └ @ Base loading.jl:2541
└  
┌ AdvancedMH
│  ┌ Warning: Module AbstractMCMC with build ID fafbfcfd-7764-765d-0000-82e15ca5b2be is missing from the cache.
│  │ This may mean AbstractMCMC [80f14c24-f653-4e6a-9b94-39d6b0f70001] does not support precompilation but is imported by a module that does.
│  └ @ Base loading.jl:2541
└  
┌ AdvancedHMC → AdvancedHMCMCMCChainsExt
│  ┌ Warning: Module AdvancedHMC with build ID fafbfcfd-2e25-1d02-0000-82e26fb89a60 is missing from the cache.
│  │ This may mean AdvancedHMC [0bf59076-c3b1-5ca4-86bd-e02cd72cde3d] does not support precompilation but is imported by a module that does.
│  └ @ Base loading.jl:2541
└  
┌ LogDensityProblemsAD → LogDensityProblemsADTrackerExt
│  ┌ Warning: Module LogDensityProblemsAD with build ID fafbfcfd-2c09-6420-0000-82e0cb7cb61b is missing from the cache.
│  │ This may mean LogDensityProblemsAD [996a588d-648d-4e1f-a8f0-a84b347e47b1] does not support precompilation but is imported by a module that does.
│  └ @ Base loading.jl:2541
└  
┌ AdvancedPS
│  ┌ Warning: Module AbstractMCMC with build ID fafbfcfd-7764-765d-0000-82e15ca5b2be is missing from the cache.
│  │ This may mean AbstractMCMC [80f14c24-f653-4e6a-9b94-39d6b0f70001] does not support precompilation but is imported by a module that does.
│  └ @ Base loading.jl:2541
└  
┌ DynamicPPL → DynamicPPLMCMCChainsExt
│  ┌ Warning: Module AbstractMCMC with build ID fafbfcfd-7764-765d-0000-82e15ca5b2be is missing from the cache.
│  │ This may mean AbstractMCMC [80f14c24-f653-4e6a-9b94-39d6b0f70001] does not support precompilation but is imported by a module that does.
│  └ @ Base loading.jl:2541
└  
┌ DynamicPPL
│  ┌ Warning: Module AbstractMCMC with build ID fafbfcfd-7764-765d-0000-82e15ca5b2be is missing from the cache.
│  │ This may mean AbstractMCMC [80f14c24-f653-4e6a-9b94-39d6b0f70001] does not support precompilation but is imported by a module that does.
│  └ @ Base loading.jl:2541
└  
┌ MCMCChains
│  ┌ Warning: Module AbstractMCMC with build ID fafbfcfd-7764-765d-0000-82e15ca5b2be is missing from the cache.
│  │ This may mean AbstractMCMC [80f14c24-f653-4e6a-9b94-39d6b0f70001] does not support precompilation but is imported by a module that does.
│  └ @ Base loading.jl:2541
└  
┌ LogDensityProblemsAD → LogDensityProblemsADADTypesExt
│  ┌ Warning: Module LogDensityProblemsAD with build ID fafbfcfd-2c09-6420-0000-82e0cb7cb61b is missing from the cache.
│  │ This may mean LogDensityProblemsAD [996a588d-648d-4e1f-a8f0-a84b347e47b1] does not support precompilation but is imported by a module that does.
│  └ @ Base loading.jl:2541
└  
┌ AdvancedPS → AdvancedPSLibtaskExt
│  ┌ Warning: Module AbstractMCMC with build ID fafbfcfd-7764-765d-0000-82e15ca5b2be is missing from the cache.
│  │ This may mean AbstractMCMC [80f14c24-f653-4e6a-9b94-39d6b0f70001] does not support precompilation but is imported by a module that does.
│  └ @ Base loading.jl:2541
└  
┌ Turing → TuringOptimExt
│  ┌ Warning: Module MCMCChains with build ID ffffffff-ffff-ffff-0000-832b2958cf15 is missing from the cache.
│  │ This may mean MCMCChains [c7f686f2-ff18-58e9-bc7b-31028e88f75d] does not support precompilation but is imported by a module that does.
│  └ @ Base loading.jl:2541
└  
┌ Turing
│  [Output was shown above]
└  
┌ SSMProblems
│  ┌ Warning: Module AbstractMCMC with build ID fafbfcfd-7764-765d-0000-82e15ca5b2be is missing from the cache.
│  │ This may mean AbstractMCMC [80f14c24-f653-4e6a-9b94-39d6b0f70001] does not support precompilation but is imported by a module that does.
│  └ @ Base loading.jl:2541
└  
┌ AdvancedMH → AdvancedMHStructArraysExt
│  ┌ Warning: Module AbstractMCMC with build ID fafbfcfd-7764-765d-0000-82e15ca5b2be is missing from the cache.
│  │ This may mean AbstractMCMC [80f14c24-f653-4e6a-9b94-39d6b0f70001] does not support precompilation but is imported by a module that does.
│  └ @ Base loading.jl:2541
└  
┌ DynamicPPL → DynamicPPLForwardDiffExt
│  ┌ Warning: Module AbstractMCMC with build ID fafbfcfd-7764-765d-0000-82e15ca5b2be is missing from the cache.
│  │ This may mean AbstractMCMC [80f14c24-f653-4e6a-9b94-39d6b0f70001] does not support precompilation but is imported by a module that does.
│  └ @ Base loading.jl:2541
└  
┌ LogDensityProblemsAD → LogDensityProblemsADDifferentiationInterfaceExt
│  ┌ Warning: Module LogDensityProblemsAD with build ID fafbfcfd-2c09-6420-0000-82e0cb7cb61b is missing from the cache.
│  │ This may mean LogDensityProblemsAD [996a588d-648d-4e1f-a8f0-a84b347e47b1] does not support precompilation but is imported by a module that does.
│  └ @ Base loading.jl:2541
└  
┌ AdvancedHMC
│  ┌ Warning: Module LogDensityProblemsAD with build ID fafbfcfd-2c09-6420-0000-82e0cb7cb61b is missing from the cache.
│  │ This may mean LogDensityProblemsAD [996a588d-648d-4e1f-a8f0-a84b347e47b1] does not support precompilation but is imported by a module that does.
│  └ @ Base loading.jl:2541
└  
┌ AbstractPPL
│  ┌ Warning: Module AbstractMCMC with build ID fafbfcfd-7764-765d-0000-82e15ca5b2be is missing from the cache.
│  │ This may mean AbstractMCMC [80f14c24-f653-4e6a-9b94-39d6b0f70001] does not support precompilation but is imported by a module that does.
│  └ @ Base loading.jl:2541
└  
┌ EllipticalSliceSampling
│  ┌ Warning: Module AbstractMCMC with build ID fafbfcfd-7764-765d-0000-82e15ca5b2be is missing from the cache.
│  │ This may mean AbstractMCMC [80f14c24-f653-4e6a-9b94-39d6b0f70001] does not support precompilation but is imported by a module that does.
│  └ @ Base loading.jl:2541
└  
┌ DynamicPPL → DynamicPPLChainRulesCoreExt
│  ┌ Warning: Module AbstractMCMC with build ID fafbfcfd-7764-765d-0000-82e15ca5b2be is missing from the cache.
│  │ This may mean AbstractMCMC [80f14c24-f653-4e6a-9b94-39d6b0f70001] does not support precompilation but is imported by a module that does.
│  └ @ Base loading.jl:2541
└  
Precompiling LogDensityProblemsADTrackerExt...
Info Given LogDensityProblemsADTrackerExt was explicitly requested, output will be shown live [0K
[0K┌ Warning: Module LogDensityProblemsAD with build ID fafbfcfd-2c09-6420-0000-82e0cb7cb61b is missing from the cache.
[0K│ This may mean LogDensityProblemsAD [996a588d-648d-4e1f-a8f0-a84b347e47b1] does not support precompilation but is imported by a module that does.
[0K└ @ Base loading.jl:2541
    826.7 ms  ? LogDensityProblemsAD → LogDensityProblemsADForwardDiffExt
    808.0 ms  ? LogDensityProblemsAD → LogDensityProblemsADTrackerExt
Precompiling DynamicPPL...
   1024.6 ms  ? AbstractPPL
Info Given DynamicPPL was explicitly requested, output will be shown live [0K
[0K┌ Warning: Module AbstractMCMC with build ID fafbfcfd-7764-765d-0000-82e15ca5b2be is missing from the cache.
[0K│ This may mean AbstractMCMC [80f14c24-f653-4e6a-9b94-39d6b0f70001] does not support precompilation but is imported by a module that does.
[0K└ @ Base loading.jl:2541
    807.6 ms  ? DynamicPPL
   1495.2 ms  ? DynamicPPL → DynamicPPLChainRulesCoreExt
Precompiling AbstractPPL...
Info Given AbstractPPL was explicitly requested, output will be shown live [0K
[0K┌ Warning: Module AbstractMCMC with build ID fafbfcfd-7764-765d-0000-82e15ca5b2be is missing from the cache.
[0K│ This may mean AbstractMCMC [80f14c24-f653-4e6a-9b94-39d6b0f70001] does not support precompilation but is imported by a module that does.
[0K└ @ Base loading.jl:2541
   1045.4 ms  ? AbstractPPL
Precompiling DynamicPPLMCMCChainsExt...
    857.2 ms  ? MCMCChains
   1028.0 ms  ? AbstractPPL
    805.3 ms  ? DynamicPPL
Info Given DynamicPPLMCMCChainsExt was explicitly requested, output will be shown live [0K
[0K┌ Warning: Module DynamicPPL with build ID ffffffff-ffff-ffff-0000-833f15fbedd6 is missing from the cache.
[0K│ This may mean DynamicPPL [366bfd00-2699-11ea-058f-f148b4cae6d8] does not support precompilation but is imported by a module that does.
[0K└ @ Base loading.jl:2541
    828.4 ms  ? DynamicPPL → DynamicPPLChainRulesCoreExt
    820.4 ms  ? DynamicPPL → DynamicPPLMCMCChainsExt
Precompiling DynamicPPLChainRulesCoreExt...
   1039.5 ms  ? AbstractPPL
    807.8 ms  ? DynamicPPL
Info Given DynamicPPLChainRulesCoreExt was explicitly requested, output will be shown live [0K
[0K┌ Warning: Module DynamicPPL with build ID ffffffff-ffff-ffff-0000-833f15fbedd6 is missing from the cache.
[0K│ This may mean DynamicPPL [366bfd00-2699-11ea-058f-f148b4cae6d8] does not support precompilation but is imported by a module that does.
[0K└ @ Base loading.jl:2541
    813.2 ms  ? DynamicPPL → DynamicPPLChainRulesCoreExt
Precompiling DynamicPPLForwardDiffExt...
   1034.3 ms  ? AbstractPPL
    798.5 ms  ? DynamicPPL
Info Given DynamicPPLForwardDiffExt was explicitly requested, output will be shown live [0K
[0K┌ Warning: Module DynamicPPL with build ID ffffffff-ffff-ffff-0000-833f15fbedd6 is missing from the cache.
[0K│ This may mean DynamicPPL [366bfd00-2699-11ea-058f-f148b4cae6d8] does not support precompilation but is imported by a module that does.
[0K└ @ Base loading.jl:2541
    824.7 ms  ? DynamicPPL → DynamicPPLChainRulesCoreExt
    820.9 ms  ? DynamicPPL → DynamicPPLForwardDiffExt
Precompiling AdvancedPS...
    809.9 ms  ? SSMProblems
Info Given AdvancedPS was explicitly requested, output will be shown live [0K
[0K┌ Warning: Module AbstractMCMC with build ID fafbfcfd-7764-765d-0000-82e15ca5b2be is missing from the cache.
[0K│ This may mean AbstractMCMC [80f14c24-f653-4e6a-9b94-39d6b0f70001] does not support precompilation but is imported by a module that does.
[0K└ @ Base loading.jl:2541
    805.6 ms  ? AdvancedPS
Precompiling SSMProblems...
Info Given SSMProblems was explicitly requested, output will be shown live [0K
[0K┌ Warning: Module AbstractMCMC with build ID fafbfcfd-7764-765d-0000-82e15ca5b2be is missing from the cache.
[0K│ This may mean AbstractMCMC [80f14c24-f653-4e6a-9b94-39d6b0f70001] does not support precompilation but is imported by a module that does.
[0K└ @ Base loading.jl:2541
   1168.5 ms  ? SSMProblems
Precompiling AdvancedPSLibtaskExt...
    803.8 ms  ? SSMProblems
    807.6 ms  ? AdvancedPS
Info Given AdvancedPSLibtaskExt was explicitly requested, output will be shown live [0K
[0K┌ Warning: Module AdvancedPS with build ID ffffffff-ffff-ffff-0000-83460b6ad049 is missing from the cache.
[0K│ This may mean AdvancedPS [576499cb-2369-40b2-a588-c64705576edc] does not support precompilation but is imported by a module that does.
[0K└ @ Base loading.jl:2541
    804.2 ms  ? AdvancedPS → AdvancedPSLibtaskExt
Precompiling AdvancedMH...
Info Given AdvancedMH was explicitly requested, output will be shown live [0K
[0K┌ Warning: Module AbstractMCMC with build ID fafbfcfd-7764-765d-0000-82e15ca5b2be is missing from the cache.
[0K│ This may mean AbstractMCMC [80f14c24-f653-4e6a-9b94-39d6b0f70001] does not support precompilation but is imported by a module that does.
[0K└ @ Base loading.jl:2541
    796.5 ms  ? AdvancedMH
Precompiling AdvancedMHMCMCChainsExt...
    803.9 ms  ? AdvancedMH
    858.3 ms  ? MCMCChains
Info Given AdvancedMHMCMCChainsExt was explicitly requested, output will be shown live [0K
[0K┌ Warning: Module AdvancedMH with build ID ffffffff-ffff-ffff-0000-83483d2aaa72 is missing from the cache.
[0K│ This may mean AdvancedMH [5b7e9947-ddc0-4b3f-9b55-0d8042f74170] does not support precompilation but is imported by a module that does.
[0K└ @ Base loading.jl:2541
    805.8 ms  ? AdvancedMH → AdvancedMHMCMCChainsExt
Precompiling AdvancedMHStructArraysExt...
    799.5 ms  ? AdvancedMH
Info Given AdvancedMHStructArraysExt was explicitly requested, output will be shown live [0K
[0K┌ Warning: Module AdvancedMH with build ID ffffffff-ffff-ffff-0000-83483d2aaa72 is missing from the cache.
[0K│ This may mean AdvancedMH [5b7e9947-ddc0-4b3f-9b55-0d8042f74170] does not support precompilation but is imported by a module that does.
[0K└ @ Base loading.jl:2541
    804.8 ms  ? AdvancedMH → AdvancedMHStructArraysExt
Precompiling AdvancedMHForwardDiffExt...
    809.7 ms  ? AdvancedMH
Info Given AdvancedMHForwardDiffExt was explicitly requested, output will be shown live [0K
[0K┌ Warning: Module AdvancedMH with build ID ffffffff-ffff-ffff-0000-83483d2aaa72 is missing from the cache.
[0K│ This may mean AdvancedMH [5b7e9947-ddc0-4b3f-9b55-0d8042f74170] does not support precompilation but is imported by a module that does.
[0K└ @ Base loading.jl:2541
    811.5 ms  ? AdvancedMH → AdvancedMHForwardDiffExt
Precompiling EllipticalSliceSampling...
Info Given EllipticalSliceSampling was explicitly requested, output will be shown live [0K
[0K┌ Warning: Module AbstractMCMC with build ID fafbfcfd-7764-765d-0000-82e15ca5b2be is missing from the cache.
[0K│ This may mean AbstractMCMC [80f14c24-f653-4e6a-9b94-39d6b0f70001] does not support precompilation but is imported by a module that does.
[0K└ @ Base loading.jl:2541
    809.7 ms  ? EllipticalSliceSampling
Precompiling TuringOptimExt...
   1032.6 ms  ? LogDensityProblemsAD → LogDensityProblemsADADTypesExt
    832.9 ms  ? SSMProblems
    818.4 ms  ? LogDensityProblemsAD → LogDensityProblemsADForwardDiffExt
    838.0 ms  ? EllipticalSliceSampling
   1072.4 ms  ? AbstractPPL
    851.8 ms  ? AdvancedMH
    839.7 ms  ? LogDensityProblemsAD → LogDensityProblemsADTrackerExt
    907.2 ms  ? MCMCChains
    810.6 ms  ? LogDensityProblemsAD → LogDensityProblemsADDifferentiationInterfaceExt
   1043.0 ms  ? AdvancedHMC
    837.4 ms  ? AdvancedPS
    840.1 ms  ? DynamicPPL
    860.0 ms  ? AdvancedMH → AdvancedMHStructArraysExt
    848.8 ms  ? AdvancedMH → AdvancedMHForwardDiffExt
    836.9 ms  ? AdvancedMH → AdvancedMHMCMCChainsExt
    866.7 ms  ? AdvancedHMC → AdvancedHMCMCMCChainsExt
    834.6 ms  ? AdvancedPS → AdvancedPSLibtaskExt
    847.8 ms  ? DynamicPPL → DynamicPPLChainRulesCoreExt
    841.8 ms  ? DynamicPPL → DynamicPPLForwardDiffExt
    839.5 ms  ? DynamicPPL → DynamicPPLMCMCChainsExt
   1812.8 ms  ? Turing
    TuringOptimExt Being precompiled by another machine (hostname: worker5162, pid: 566072, pidfile: /mnt/home/sroy1/.julia/compiled/v1.11/TuringOptimExt/TSKYw_ZiJYF.ji.pidfile)
Info Given TuringOptimExt was explicitly requested, output will be shown live [0K
[0K┌ Warning: Module Turing with build ID ffffffff-ffff-ffff-0000-833d187c2ac0 is missing from the cache.
[0K│ This may mean Turing [fce5fe82-541a-59a6-adf8-730c64b5f9a0] does not support precompilation but is imported by a module that does.
[0K└ @ Base loading.jl:2541
   1602.9 ms  ✓ Turing → TuringOptimExt
  1 dependency successfully precompiled in 9 seconds. 291 already precompiled.
  21 dependencies precompiled but different versions are currently loaded. Restart julia to access the new versions. Otherwise, loading dependents of these packages may trigger further precompilation to work with the unexpected versions.
  21 dependencies failed but may be precompilable after restarting julia
  22 dependencies had output during precompilation:
┌ AdvancedMH → AdvancedMHForwardDiffExt
│  ┌ Warning: Module AdvancedMH with build ID ffffffff-ffff-ffff-0000-83483d2aaa72 is missing from the cache.
│  │ This may mean AdvancedMH [5b7e9947-ddc0-4b3f-9b55-0d8042f74170] does not support precompilation but is imported by a module that does.
│  └ @ Base loading.jl:2541
└  
┌ AdvancedMH → AdvancedMHMCMCChainsExt
│  ┌ Warning: Module AdvancedMH with build ID ffffffff-ffff-ffff-0000-83483d2aaa72 is missing from the cache.
│  │ This may mean AdvancedMH [5b7e9947-ddc0-4b3f-9b55-0d8042f74170] does not support precompilation but is imported by a module that does.
│  └ @ Base loading.jl:2541
└  
┌ LogDensityProblemsAD → LogDensityProblemsADForwardDiffExt
│  ┌ Warning: Module LogDensityProblemsAD with build ID fafbfcfd-2c09-6420-0000-82e0cb7cb61b is missing from the cache.
│  │ This may mean LogDensityProblemsAD [996a588d-648d-4e1f-a8f0-a84b347e47b1] does not support precompilation but is imported by a module that does.
│  └ @ Base loading.jl:2541
└  
┌ AdvancedMH
│  ┌ Warning: Module AbstractMCMC with build ID fafbfcfd-7764-765d-0000-82e15ca5b2be is missing from the cache.
│  │ This may mean AbstractMCMC [80f14c24-f653-4e6a-9b94-39d6b0f70001] does not support precompilation but is imported by a module that does.
│  └ @ Base loading.jl:2541
└  
┌ AdvancedHMC → AdvancedHMCMCMCChainsExt
│  ┌ Warning: Module AdvancedHMC with build ID fafbfcfd-2e25-1d02-0000-82e26fb89a60 is missing from the cache.
│  │ This may mean AdvancedHMC [0bf59076-c3b1-5ca4-86bd-e02cd72cde3d] does not support precompilation but is imported by a module that does.
│  └ @ Base loading.jl:2541
└  
┌ LogDensityProblemsAD → LogDensityProblemsADTrackerExt
│  ┌ Warning: Module LogDensityProblemsAD with build ID fafbfcfd-2c09-6420-0000-82e0cb7cb61b is missing from the cache.
│  │ This may mean LogDensityProblemsAD [996a588d-648d-4e1f-a8f0-a84b347e47b1] does not support precompilation but is imported by a module that does.
│  └ @ Base loading.jl:2541
└  
┌ AdvancedPS
│  ┌ Warning: Module AbstractMCMC with build ID fafbfcfd-7764-765d-0000-82e15ca5b2be is missing from the cache.
│  │ This may mean AbstractMCMC [80f14c24-f653-4e6a-9b94-39d6b0f70001] does not support precompilation but is imported by a module that does.
│  └ @ Base loading.jl:2541
└  
┌ DynamicPPL → DynamicPPLMCMCChainsExt
│  ┌ Warning: Module DynamicPPL with build ID ffffffff-ffff-ffff-0000-833f15fbedd6 is missing from the cache.
│  │ This may mean DynamicPPL [366bfd00-2699-11ea-058f-f148b4cae6d8] does not support precompilation but is imported by a module that does.
│  └ @ Base loading.jl:2541
└  
┌ DynamicPPL
│  ┌ Warning: Module AbstractMCMC with build ID fafbfcfd-7764-765d-0000-82e15ca5b2be is missing from the cache.
│  │ This may mean AbstractMCMC [80f14c24-f653-4e6a-9b94-39d6b0f70001] does not support precompilation but is imported by a module that does.
│  └ @ Base loading.jl:2541
└  
┌ MCMCChains
│  ┌ Warning: Module AbstractMCMC with build ID fafbfcfd-7764-765d-0000-82e15ca5b2be is missing from the cache.
│  │ This may mean AbstractMCMC [80f14c24-f653-4e6a-9b94-39d6b0f70001] does not support precompilation but is imported by a module that does.
│  └ @ Base loading.jl:2541
└  
┌ LogDensityProblemsAD → LogDensityProblemsADADTypesExt
│  ┌ Warning: Module LogDensityProblemsAD with build ID fafbfcfd-2c09-6420-0000-82e0cb7cb61b is missing from the cache.
│  │ This may mean LogDensityProblemsAD [996a588d-648d-4e1f-a8f0-a84b347e47b1] does not support precompilation but is imported by a module that does.
│  └ @ Base loading.jl:2541
└  
┌ AdvancedPS → AdvancedPSLibtaskExt
│  ┌ Warning: Module AdvancedPS with build ID ffffffff-ffff-ffff-0000-83460b6ad049 is missing from the cache.
│  │ This may mean AdvancedPS [576499cb-2369-40b2-a588-c64705576edc] does not support precompilation but is imported by a module that does.
│  └ @ Base loading.jl:2541
└  
┌ Turing → TuringOptimExt
│  [Output was shown above]
└  
┌ Turing
│  ┌ Warning: Module MCMCChains with build ID ffffffff-ffff-ffff-0000-832b2958cf15 is missing from the cache.
│  │ This may mean MCMCChains [c7f686f2-ff18-58e9-bc7b-31028e88f75d] does not support precompilation but is imported by a module that does.
│  └ @ Base loading.jl:2541
└  
┌ SSMProblems
│  ┌ Warning: Module AbstractMCMC with build ID fafbfcfd-7764-765d-0000-82e15ca5b2be is missing from the cache.
│  │ This may mean AbstractMCMC [80f14c24-f653-4e6a-9b94-39d6b0f70001] does not support precompilation but is imported by a module that does.
│  └ @ Base loading.jl:2541
└  
┌ AdvancedMH → AdvancedMHStructArraysExt
│  ┌ Warning: Module AdvancedMH with build ID ffffffff-ffff-ffff-0000-83483d2aaa72 is missing from the cache.
│  │ This may mean AdvancedMH [5b7e9947-ddc0-4b3f-9b55-0d8042f74170] does not support precompilation but is imported by a module that does.
│  └ @ Base loading.jl:2541
└  
┌ DynamicPPL → DynamicPPLForwardDiffExt
│  ┌ Warning: Module DynamicPPL with build ID ffffffff-ffff-ffff-0000-833f15fbedd6 is missing from the cache.
│  │ This may mean DynamicPPL [366bfd00-2699-11ea-058f-f148b4cae6d8] does not support precompilation but is imported by a module that does.
│  └ @ Base loading.jl:2541
└  
┌ AdvancedHMC
│  ┌ Warning: Module LogDensityProblemsAD with build ID fafbfcfd-2c09-6420-0000-82e0cb7cb61b is missing from the cache.
│  │ This may mean LogDensityProblemsAD [996a588d-648d-4e1f-a8f0-a84b347e47b1] does not support precompilation but is imported by a module that does.
│  └ @ Base loading.jl:2541
└  
┌ LogDensityProblemsAD → LogDensityProblemsADDifferentiationInterfaceExt
│  ┌ Warning: Module LogDensityProblemsAD with build ID fafbfcfd-2c09-6420-0000-82e0cb7cb61b is missing from the cache.
│  │ This may mean LogDensityProblemsAD [996a588d-648d-4e1f-a8f0-a84b347e47b1] does not support precompilation but is imported by a module that does.
│  └ @ Base loading.jl:2541
└  
┌ AbstractPPL
│  ┌ Warning: Module AbstractMCMC with build ID fafbfcfd-7764-765d-0000-82e15ca5b2be is missing from the cache.
│  │ This may mean AbstractMCMC [80f14c24-f653-4e6a-9b94-39d6b0f70001] does not support precompilation but is imported by a module that does.
│  └ @ Base loading.jl:2541
└  
┌ EllipticalSliceSampling
│  ┌ Warning: Module AbstractMCMC with build ID fafbfcfd-7764-765d-0000-82e15ca5b2be is missing from the cache.
│  │ This may mean AbstractMCMC [80f14c24-f653-4e6a-9b94-39d6b0f70001] does not support precompilation but is imported by a module that does.
│  └ @ Base loading.jl:2541
└  
┌ DynamicPPL → DynamicPPLChainRulesCoreExt
│  ┌ Warning: Module DynamicPPL with build ID ffffffff-ffff-ffff-0000-833f15fbedd6 is missing from the cache.
│  │ This may mean DynamicPPL [366bfd00-2699-11ea-058f-f148b4cae6d8] does not support precompilation but is imported by a module that does.
│  └ @ Base loading.jl:2541
└  
Precompiling DynamicPPLMooncakeExt...
   1035.6 ms  ? AbstractPPL
    806.2 ms  ? DynamicPPL
Info Given DynamicPPLMooncakeExt was explicitly requested, output will be shown live [0K
[0K┌ Warning: Module DynamicPPL with build ID ffffffff-ffff-ffff-0000-833f15fbedd6 is missing from the cache.
[0K│ This may mean DynamicPPL [366bfd00-2699-11ea-058f-f148b4cae6d8] does not support precompilation but is imported by a module that does.
[0K└ @ Base loading.jl:2541
    833.1 ms  ? DynamicPPL → DynamicPPLChainRulesCoreExt
    829.9 ms  ? DynamicPPL → DynamicPPLMooncakeExt
[ Info: Could not read IGWN-GWTC2p1-v2-GW190425_081805_PEDataRelease_mixed_nocosmo.h5
┌ Warning: Could not read Nposts from /mnt/home/sroy1/bumpcosmologygwtc3_Mc/scripts/../data/nposts_0.1.csv: ArgumentError("Cannot open '/mnt/home/sroy1/bumpcosmologygwtc3_Mc/scripts/../data/nposts_0.1.csv': not a file")
└ @ Main ~/bumpcosmologygwtc3_Mc/scripts/run_mcmc.jl:107
┌ Warning: Using default of 16 samples per event
└ @ Main ~/bumpcosmologygwtc3_Mc/scripts/run_mcmc.jl:108
[ Info: Analyzing 46 events
┌ Warning: Reducing Nselection from 32768 to 21091
└ @ Main ~/bumpcosmologygwtc3_Mc/scripts/run_mcmc.jl:133
Sampling (4 processes)   0%|                            |  ETA: N/A
Sampling (4 processes)  25%|███████                     |  ETA: 3:59:27
Sampling (4 processes)  50%|██████████████              |  ETA: 1:28:24
Sampling (4 processes)  75%|█████████████████████       |  ETA: 0:29:46
Sampling (4 processes) 100%|████████████████████████████| Time: 1:32:27
Sampling (4 processes) 100%|████████████████████████████| Time: 1:32:28
[ Info: 4*N = 184
[ Info: Minimum Neff_sel = 1194.46
[ Info: Minimum Neff_samps = 1.02 for event GW190828_063405
[ Info: Updating Nposts for event GW150914 from 16 to 32
[ Info: Updating Nposts for event GW170104 from 16 to 32
[ Info: Updating Nposts for event GW170729 from 16 to 32
[ Info: Updating Nposts for event GW170809 from 16 to 32
[ Info: Updating Nposts for event GW170814 from 16 to 32
[ Info: Updating Nposts for event GW170818 from 16 to 32
[ Info: Updating Nposts for event GW170823 from 16 to 32
[ Info: Updating Nposts for event GW190408_181802 from 16 to 32
[ Info: Updating Nposts for event GW190413_052954 from 16 to 32
[ Info: Updating Nposts for event GW190413_134308 from 16 to 32
[ Info: Updating Nposts for event GW190421_213856 from 16 to 32
[ Info: Updating Nposts for event GW190503_185404 from 16 to 32
[ Info: Updating Nposts for event GW190513_205428 from 16 to 32
[ Info: Updating Nposts for event GW190517_055101 from 16 to 32
[ Info: Updating Nposts for event GW190519_153544 from 16 to 32
[ Info: Updating Nposts for event GW190521_074359 from 16 to 32
[ Info: Updating Nposts for event GW190527_092055 from 16 to 32
[ Info: Updating Nposts for event GW190602_175927 from 16 to 32
[ Info: Updating Nposts for event GW190620_030421 from 16 to 32
[ Info: Updating Nposts for event GW190630_185205 from 16 to 32
[ Info: Updating Nposts for event GW190701_203306 from 16 to 32
[ Info: Updating Nposts for event GW190706_222641 from 16 to 32
[ Info: Updating Nposts for event GW190719_215514 from 16 to 32
[ Info: Updating Nposts for event GW190727_060333 from 16 to 32
[ Info: Updating Nposts for event GW190731_140936 from 16 to 32
[ Info: Updating Nposts for event GW190803_022701 from 16 to 32
[ Info: Updating Nposts for event GW190805_211137 from 16 to 32
[ Info: Updating Nposts for event GW190828_063405 from 16 to 32
[ Info: Updating Nposts for event GW190910_112807 from 16 to 32
[ Info: Updating Nposts for event GW190915_235702 from 16 to 32
[ Info: Updating Nposts for event GW190929_012149 from 16 to 32
[ Info: Updating Nposts for event GW191109_010717 from 16 to 32
[ Info: Updating Nposts for event GW191127_050227 from 16 to 32
[ Info: Updating Nposts for event GW191222_033537 from 16 to 32
[ Info: Updating Nposts for event GW191230_180458 from 16 to 32
[ Info: Updating Nposts for event GW200112_155838 from 16 to 32
[ Info: Updating Nposts for event GW200128_022011 from 16 to 32
[ Info: Updating Nposts for event GW200129_065458 from 16 to 32
[ Info: Updating Nposts for event GW200208_130117 from 16 to 32
[ Info: Updating Nposts for event GW200209_085452 from 16 to 32
[ Info: Updating Nposts for event GW200216_220804 from 16 to 32
[ Info: Updating Nposts for event GW200302_015811 from 16 to 32
[ Info: Updating Nposts for event GW200311_115853 from 16 to 32
[ Info: Updated Nposts.  Writing to /mnt/home/sroy1/bumpcosmologygwtc3_Mc/scripts/../data/nposts_0.1.csv = [32, 32, 32, 32, 32, 32, 32, 32, 32, 32, 32, 32, 32, 32, 32, 32, 32, 32, 32, 32, 32, 32, 32, 32, 32, 32, 32, 32, 32, 32, 32, 32, 32, 16, 32, 32, 32, 32, 32, 32, 32, 32, 16, 16, 32, 32]
[ Info: Looping again with updated Nposts!
[ Info: Analyzing 46 events
Sampling (4 processes)   0%|                            |  ETA: N/A
Sampling (4 processes)  25%|███████                     |  ETA: 3:26:53
Sampling (4 processes)  50%|██████████████              |  ETA: 1:09:18
Sampling (4 processes)  75%|█████████████████████       |  ETA: 0:24:22
Sampling (4 processes) 100%|████████████████████████████| Time: 1:14:39
Sampling (4 processes) 100%|████████████████████████████| Time: 1:14:39
[ Info: 4*N = 184
[ Info: Minimum Neff_sel = 1066.26
[ Info: Minimum Neff_samps = 1.04 for event GW190519_153544
[ Info: Updating Nposts for event GW150914 from 32 to 64
[ Info: Updating Nposts for event GW170729 from 32 to 64
[ Info: Updating Nposts for event GW170818 from 32 to 64
[ Info: Updating Nposts for event GW170823 from 32 to 64
[ Info: Updating Nposts for event GW190408_181802 from 32 to 64
[ Info: Updating Nposts for event GW190413_134308 from 32 to 64
[ Info: Updating Nposts for event GW190421_213856 from 32 to 64
[ Info: Updating Nposts for event GW190513_205428 from 32 to 64
[ Info: Updating Nposts for event GW190517_055101 from 32 to 64
[ Info: Updating Nposts for event GW190519_153544 from 32 to 64
[ Info: Updating Nposts for event GW190521_074359 from 32 to 64
[ Info: Updating Nposts for event GW190602_175927 from 32 to 64
[ Info: Updating Nposts for event GW190630_185205 from 32 to 64
[ Info: Updating Nposts for event GW190706_222641 from 32 to 64
[ Info: Updating Nposts for event GW190719_215514 from 32 to 64
[ Info: Updating Nposts for event GW190731_140936 from 32 to 64
[ Info: Updating Nposts for event GW190805_211137 from 32 to 64
[ Info: Updating Nposts for event GW190828_063405 from 32 to 64
[ Info: Updating Nposts for event GW190910_112807 from 32 to 64
[ Info: Updating Nposts for event GW190929_012149 from 32 to 64
[ Info: Updating Nposts for event GW191109_010717 from 32 to 64
[ Info: Updating Nposts for event GW191222_033537 from 32 to 64
[ Info: Updating Nposts for event GW191230_180458 from 32 to 64
[ Info: Updating Nposts for event GW200112_155838 from 32 to 64
[ Info: Updating Nposts for event GW200128_022011 from 32 to 64
[ Info: Updating Nposts for event GW200129_065458 from 32 to 64
[ Info: Updating Nposts for event GW200208_130117 from 32 to 64
[ Info: Updating Nposts for event GW200209_085452 from 32 to 64
[ Info: Updating Nposts for event GW200216_220804 from 32 to 64
[ Info: Updating Nposts for event GW200219_094415 from 16 to 32
[ Info: Updating Nposts for event GW200224_222234 from 16 to 32
[ Info: Updating Nposts for event GW200302_015811 from 32 to 64
[ Info: Updated Nposts.  Writing to /mnt/home/sroy1/bumpcosmologygwtc3_Mc/scripts/../data/nposts_0.1.csv = [64, 32, 64, 32, 32, 64, 64, 64, 32, 64, 64, 32, 64, 64, 64, 64, 32, 64, 32, 64, 32, 64, 64, 32, 64, 32, 64, 64, 64, 32, 64, 64, 32, 16, 64, 64, 64, 64, 64, 64, 64, 64, 32, 32, 64, 32]
[ Info: Looping again with updated Nposts!
[ Info: Analyzing 46 events
Sampling (4 processes)   0%|                            |  ETA: N/A
Sampling (4 processes)  25%|███████                     |  ETA: 3:21:29
Sampling (4 processes)  50%|██████████████              |  ETA: 1:08:59
Sampling (4 processes)  75%|█████████████████████       |  ETA: 0:23:59
Sampling (4 processes) 100%|████████████████████████████| Time: 1:13:45
Sampling (4 processes) 100%|████████████████████████████| Time: 1:13:45
[ Info: 4*N = 184
[ Info: Minimum Neff_sel = 806.87
[ Info: Minimum Neff_samps = 1.1 for event GW191109_010717
[ Info: Updating Nposts for event GW170814 from 32 to 64
[ Info: Updating Nposts for event GW170823 from 64 to 128
[ Info: Updating Nposts for event GW190413_134308 from 64 to 128
[ Info: Updating Nposts for event GW190421_213856 from 64 to 128
[ Info: Updating Nposts for event GW190503_185404 from 32 to 64
[ Info: Updating Nposts for event GW190517_055101 from 64 to 128
[ Info: Updating Nposts for event GW190519_153544 from 64 to 128
[ Info: Updating Nposts for event GW190521_074359 from 64 to 128
[ Info: Updating Nposts for event GW190527_092055 from 32 to 64
[ Info: Updating Nposts for event GW190706_222641 from 64 to 128
[ Info: Updating Nposts for event GW190719_215514 from 64 to 128
[ Info: Updating Nposts for event GW190727_060333 from 32 to 64
[ Info: Updating Nposts for event GW190731_140936 from 64 to 128
[ Info: Updating Nposts for event GW190805_211137 from 64 to 128
[ Info: Updating Nposts for event GW190910_112807 from 64 to 128
[ Info: Updating Nposts for event GW190929_012149 from 64 to 128
[ Info: Updating Nposts for event GW191109_010717 from 64 to 128
[ Info: Updating Nposts for event GW191222_033537 from 64 to 128
[ Info: Updating Nposts for event GW191230_180458 from 64 to 128
[ Info: Updating Nposts for event GW200129_065458 from 64 to 128
[ Info: Updating Nposts for event GW200208_130117 from 64 to 128
[ Info: Updating Nposts for event GW200216_220804 from 64 to 128
[ Info: Updating Nposts for event GW200224_222234 from 32 to 64
[ Info: Updating Nposts for event GW200311_115853 from 32 to 64
[ Info: Updated Nposts.  Writing to /mnt/home/sroy1/bumpcosmologygwtc3_Mc/scripts/../data/nposts_0.1.csv = [64, 32, 64, 32, 64, 64, 128, 64, 32, 128, 128, 64, 64, 128, 128, 128, 64, 64, 32, 64, 32, 128, 128, 64, 128, 32, 128, 64, 128, 32, 128, 128, 32, 16, 128, 128, 64, 64, 128, 128, 64, 128, 32, 64, 64, 64]
[ Info: Looping again with updated Nposts!
[ Info: Analyzing 46 events
Sampling (4 processes)   0%|                            |  ETA: N/A
Sampling (4 processes)  25%|███████                     |  ETA: 3:31:12
Sampling (4 processes)  50%|██████████████              |  ETA: 1:11:38
Sampling (4 processes)  75%|█████████████████████       |  ETA: 0:25:07
Sampling (4 processes) 100%|████████████████████████████| Time: 1:17:30
Sampling (4 processes) 100%|████████████████████████████| Time: 1:17:30
[ Info: 4*N = 184
[ Info: Minimum Neff_sel = 342.38
[ Info: Minimum Neff_samps = 1.48 for event GW191109_010717
[ Info: Updating Nposts for event GW170104 from 32 to 64
[ Info: Updating Nposts for event GW170729 from 64 to 128
[ Info: Updating Nposts for event GW190517_055101 from 128 to 256
[ Info: Updating Nposts for event GW190701_203306 from 32 to 64
[ Info: Updating Nposts for event GW190910_112807 from 128 to 256
[ Info: Updating Nposts for event GW191109_010717 from 128 to 256
[ Info: Updating Nposts for event GW191215_223052 from 16 to 32
[ Info: Updated Nposts.  Writing to /mnt/home/sroy1/bumpcosmologygwtc3_Mc/scripts/../data/nposts_0.1.csv = [64, 64, 128, 32, 64, 64, 128, 64, 32, 128, 128, 64, 64, 256, 128, 128, 64, 64, 32, 64, 64, 128, 128, 64, 128, 32, 128, 64, 256, 32, 128, 256, 32, 32, 128, 128, 64, 64, 128, 128, 64, 128, 32, 64, 64, 64]
[ Info: Looping again with updated Nposts!
[ Info: Analyzing 46 events
Sampling (4 processes)   0%|                            |  ETA: N/A
Sampling (4 processes)  25%|███████                     |  ETA: 3:26:54
Sampling (4 processes)  50%|██████████████              |  ETA: 1:09:55
Sampling (4 processes)  75%|█████████████████████       |  ETA: 0:24:32
Sampling (4 processes) 100%|████████████████████████████| Time: 1:15:46
Sampling (4 processes) 100%|████████████████████████████| Time: 1:15:46
[ Info: 4*N = 184
[ Info: Minimum Neff_sel = 752.5
[ Info: Minimum Neff_samps = 3.21 for event GW200112_155838
[ Info: Updating Nposts for event GW170809 from 32 to 64
[ Info: Updating Nposts for event GW190521_074359 from 128 to 256
[ Info: Updating Nposts for event GW190929_012149 from 128 to 256
[ Info: Updating Nposts for event GW191127_050227 from 32 to 64
[ Info: Updating Nposts for event GW200112_155838 from 64 to 128
[ Info: Updating Nposts for event GW200128_022011 from 64 to 128
[ Info: Updating Nposts for event GW200209_085452 from 64 to 128
[ Info: Updated Nposts.  Writing to /mnt/home/sroy1/bumpcosmologygwtc3_Mc/scripts/../data/nposts_0.1.csv = [64, 64, 128, 64, 64, 64, 128, 64, 32, 128, 128, 64, 64, 256, 128, 256, 64, 64, 32, 64, 64, 128, 128, 64, 128, 32, 128, 64, 256, 32, 256, 256, 64, 32, 128, 128, 128, 128, 128, 128, 128, 128, 32, 64, 64, 64]
[ Info: Looping again with updated Nposts!
[ Info: Analyzing 46 events
Sampling (4 processes)   0%|                            |  ETA: N/A
Sampling (4 processes)  25%|███████                     |  ETA: 3:41:59
Sampling (4 processes)  50%|██████████████              |  ETA: 1:17:04
Sampling (4 processes)  75%|█████████████████████       |  ETA: 0:26:52
Sampling (4 processes) 100%|████████████████████████████| Time: 1:22:53
Sampling (4 processes) 100%|████████████████████████████| Time: 1:22:53
[ Info: 4*N = 184
[ Info: Minimum Neff_sel = 877.35
[ Info: Minimum Neff_samps = 2.61 for event GW190408_181802
[ Info: Updating Nposts for event GW190408_181802 from 64 to 128
[ Info: Updating Nposts for event GW190421_213856 from 128 to 256
[ Info: Updating Nposts for event GW190503_185404 from 64 to 128
[ Info: Updating Nposts for event GW190513_205428 from 64 to 128
[ Info: Updating Nposts for event GW191109_010717 from 256 to 512
[ Info: Updating Nposts for event GW191127_050227 from 64 to 128
[ Info: Updating Nposts for event GW191222_033537 from 128 to 256
[ Info: Updating Nposts for event GW200216_220804 from 128 to 256
[ Info: Updating Nposts for event GW200219_094415 from 32 to 64
[ Info: Updating Nposts for event GW200224_222234 from 64 to 128
[ Info: Updated Nposts.  Writing to /mnt/home/sroy1/bumpcosmologygwtc3_Mc/scripts/../data/nposts_0.1.csv = [64, 64, 128, 64, 64, 64, 128, 128, 32, 128, 256, 128, 128, 256, 128, 256, 64, 64, 32, 64, 64, 128, 128, 64, 128, 32, 128, 64, 256, 32, 256, 512, 128, 32, 256, 128, 128, 128, 128, 128, 128, 256, 64, 128, 64, 64]
[ Info: Looping again with updated Nposts!
[ Info: Analyzing 46 events
Sampling (4 processes)   0%|                            |  ETA: N/A
Sampling (4 processes)  25%|███████                     |  ETA: 3:39:29
Sampling (4 processes)  50%|██████████████              |  ETA: 1:15:53
Sampling (4 processes)  75%|█████████████████████       |  ETA: 0:25:36
Sampling (4 processes) 100%|████████████████████████████| Time: 1:22:44
Sampling (4 processes) 100%|████████████████████████████| Time: 1:22:44
[ Info: 4*N = 184
[ Info: Minimum Neff_sel = 629.43
[ Info: Minimum Neff_samps = 4.16 for event GW190521_074359
[ Info: No updates to Nposts
